This file contains any messages produced by compilers while
running configure, to aid debugging if configure makes a mistake.

It was created by tesseract configure 3.02.02, which was
generated by GNU Autoconf 2.63.  Invocation command line was

  $ ./configure 

## --------- ##
## Platform. ##
## --------- ##

hostname = host-133-130-106-179
uname -m = x86_64
uname -r = 2.6.32-504.16.2.el6.x86_64
uname -s = Linux
uname -v = #1 SMP Wed Apr 22 06:48:29 UTC 2015

/usr/bin/uname -p = unknown
/bin/uname -X     = unknown

/bin/arch              = x86_64
/usr/bin/arch -k       = unknown
/usr/convex/getsysinfo = unknown
/usr/bin/hostinfo      = unknown
/bin/machine           = unknown
/usr/bin/oslevel       = unknown
/bin/universe          = unknown

PATH: /root/.opam/system/bin
PATH: /usr/local/sbin
PATH: /usr/local/bin
PATH: /sbin
PATH: /bin
PATH: /usr/sbin
PATH: /usr/bin
PATH: /root/vultr/bin
PATH: /root/.opam/system/bin
PATH: /root/bin


## ----------- ##
## Core tests. ##
## ----------- ##

configure:2212: checking build system type
configure:2230: result: x86_64-unknown-linux-gnu
configure:2252: checking host system type
configure:2267: result: x86_64-unknown-linux-gnu
configure:2342: checking --enable-graphics argument
configure:2351: result: yes
configure:2370: checking --enable-embedded argument
configure:2379: result: no
configure:2397: checking --enable-visibility argument
configure:2406: result: no
configure:2418: checking --enable-multiple-libraries argument
configure:2427: result: no
configure:2439: checking whether to use tessdata-prefix
configure:2448: result: yes
configure:2460: checking whether to enable debugging
configure:2469: result: no
configure:2583: checking for cl.exe
configure:2613: result: no
configure:2583: checking for g++
configure:2599: found /usr/bin/g++
configure:2610: result: g++
configure:2637: checking for C++ compiler version
configure:2645: g++ --version >&5
g++ (GCC) 4.4.7 20120313 (Red Hat 4.4.7-16)
Copyright (C) 2010 Free Software Foundation, Inc.
This is free software; see the source for copying conditions.  There is NO
warranty; not even for MERCHANTABILITY or FITNESS FOR A PARTICULAR PURPOSE.

configure:2649: $? = 0
configure:2656: g++ -v >&5
Using built-in specs.
Target: x86_64-redhat-linux
Configured with: ../configure --prefix=/usr --mandir=/usr/share/man --infodir=/usr/share/info --with-bugurl=http://bugzilla.redhat.com/bugzilla --enable-bootstrap --enable-shared --enable-threads=posix --enable-checking=release --with-system-zlib --enable-__cxa_atexit --disable-libunwind-exceptions --enable-gnu-unique-object --enable-languages=c,c++,objc,obj-c++,java,fortran,ada --enable-java-awt=gtk --disable-dssi --with-java-home=/usr/lib/jvm/java-1.5.0-gcj-1.5.0.0/jre --enable-libgcj-multifile --enable-java-maintainer-mode --with-ecj-jar=/usr/share/java/eclipse-ecj.jar --disable-libjava-multilib --with-ppl --with-cloog --with-tune=generic --with-arch_32=i686 --build=x86_64-redhat-linux
Thread model: posix
gcc version 4.4.7 20120313 (Red Hat 4.4.7-16) (GCC) 
configure:2660: $? = 0
configure:2667: g++ -V >&5
g++: '-V' option must have argument
configure:2671: $? = 1
configure:2694: checking for C++ compiler default output file name
configure:2716: g++    conftest.cpp  >&5
configure:2720: $? = 0
configure:2758: result: a.out
configure:2777: checking whether the C++ compiler works
configure:2787: ./a.out
configure:2791: $? = 0
configure:2810: result: yes
configure:2817: checking whether we are cross compiling
configure:2819: result: no
configure:2822: checking for suffix of executables
configure:2829: g++ -o conftest    conftest.cpp  >&5
configure:2833: $? = 0
configure:2859: result: 
configure:2865: checking for suffix of object files
configure:2891: g++ -c   conftest.cpp >&5
configure:2895: $? = 0
configure:2920: result: o
configure:2924: checking whether we are using the GNU C++ compiler
configure:2953: g++ -c   conftest.cpp >&5
configure:2960: $? = 0
configure:2977: result: yes
configure:2986: checking whether g++ accepts -g
configure:3016: g++ -c -g  conftest.cpp >&5
configure:3023: $? = 0
configure:3124: result: yes
configure:3223: checking for gcc
configure:3239: found /usr/bin/gcc
configure:3250: result: gcc
configure:3482: checking for C compiler version
configure:3490: gcc --version >&5
gcc (GCC) 4.4.7 20120313 (Red Hat 4.4.7-16)
Copyright (C) 2010 Free Software Foundation, Inc.
This is free software; see the source for copying conditions.  There is NO
warranty; not even for MERCHANTABILITY or FITNESS FOR A PARTICULAR PURPOSE.

configure:3494: $? = 0
configure:3501: gcc -v >&5
Using built-in specs.
Target: x86_64-redhat-linux
Configured with: ../configure --prefix=/usr --mandir=/usr/share/man --infodir=/usr/share/info --with-bugurl=http://bugzilla.redhat.com/bugzilla --enable-bootstrap --enable-shared --enable-threads=posix --enable-checking=release --with-system-zlib --enable-__cxa_atexit --disable-libunwind-exceptions --enable-gnu-unique-object --enable-languages=c,c++,objc,obj-c++,java,fortran,ada --enable-java-awt=gtk --disable-dssi --with-java-home=/usr/lib/jvm/java-1.5.0-gcj-1.5.0.0/jre --enable-libgcj-multifile --enable-java-maintainer-mode --with-ecj-jar=/usr/share/java/eclipse-ecj.jar --disable-libjava-multilib --with-ppl --with-cloog --with-tune=generic --with-arch_32=i686 --build=x86_64-redhat-linux
Thread model: posix
gcc version 4.4.7 20120313 (Red Hat 4.4.7-16) (GCC) 
configure:3505: $? = 0
configure:3512: gcc -V >&5
gcc: '-V' option must have argument
configure:3516: $? = 1
configure:3519: checking whether we are using the GNU C compiler
configure:3548: gcc -c   conftest.c >&5
configure:3555: $? = 0
configure:3572: result: yes
configure:3581: checking whether gcc accepts -g
configure:3611: gcc -c -g  conftest.c >&5
configure:3618: $? = 0
configure:3719: result: yes
configure:3736: checking for gcc option to accept ISO C89
configure:3810: gcc  -c -g -O2  conftest.c >&5
configure:3817: $? = 0
configure:3840: result: none needed
configure:3858: checking for a sed that does not truncate output
configure:3924: result: /bin/sed
configure:3942: checking for grep that handles long lines and -e
configure:4002: result: /bin/grep
configure:4007: checking for egrep
configure:4071: result: /bin/grep -E
configure:4076: checking for fgrep
configure:4140: result: /bin/grep -F
configure:4175: checking for ld used by gcc
configure:4242: result: /usr/bin/ld
configure:4251: checking if the linker (/usr/bin/ld) is GNU ld
configure:4266: result: yes
configure:4278: checking for BSD- or MS-compatible name lister (nm)
configure:4327: result: /usr/bin/nm -B
configure:4445: checking the name lister (/usr/bin/nm -B) interface
configure:4452: gcc -c -g -O2  conftest.c >&5
configure:4455: /usr/bin/nm -B "conftest.o"
configure:4458: output
0000000000000000 B some_variable
configure:4465: result: BSD nm
configure:4468: checking whether ln -s works
configure:4472: result: yes
configure:4480: checking the maximum length of command line arguments
configure:4600: result: 1966080
configure:4617: checking whether the shell understands some XSI constructs
configure:4627: result: yes
configure:4631: checking whether the shell understands "+="
configure:4637: result: yes
configure:4672: checking for /usr/bin/ld option to reload object files
configure:4679: result: -r
configure:4748: checking for objdump
configure:4764: found /usr/bin/objdump
configure:4775: result: objdump
configure:4807: checking how to recognize dependent libraries
configure:5003: result: pass_all
configure:5063: checking for ar
configure:5079: found /usr/bin/ar
configure:5090: result: ar
configure:5168: checking for strip
configure:5184: found /usr/bin/strip
configure:5195: result: strip
configure:5267: checking for ranlib
configure:5283: found /usr/bin/ranlib
configure:5294: result: ranlib
configure:5384: checking command to parse /usr/bin/nm -B output from gcc object
configure:5502: gcc -c -g -O2  conftest.c >&5
configure:5505: $? = 0
configure:5509: /usr/bin/nm -B conftest.o \| sed -n -e 's/^.*[	 ]\([ABCDGIRSTW][ABCDGIRSTW]*\)[	 ][	 ]*\([_A-Za-z][_A-Za-z0-9]*\)$/\1 \2 \2/p' \> conftest.nm
configure:5512: $? = 0
configure:5566: gcc -o conftest -g -O2   conftest.c conftstm.o >&5
configure:5569: $? = 0
configure:5607: result: ok
configure:5703: gcc -c -g -O2  conftest.c >&5
configure:5706: $? = 0
configure:6474: checking how to run the C preprocessor
configure:6514: gcc -E  conftest.c
configure:6521: $? = 0
configure:6552: gcc -E  conftest.c
conftest.c:12:28: error: ac_nonexistent.h: No such file or directory
configure:6559: $? = 1
configure: failed program was:
| /* confdefs.h.  */
| #define PACKAGE_NAME "tesseract"
| #define PACKAGE_TARNAME "tesseract"
| #define PACKAGE_VERSION "3.02.02"
| #define PACKAGE_STRING "tesseract 3.02.02"
| #define PACKAGE_BUGREPORT "http://code.google.com/p/tesseract-ocr/issues/list"
| #define PACKAGE_NAME "tesseract"
| #define PACKAGE_VERSION "3.02.02"
| #define PACKAGE_YEAR "2012"
| #define PACKAGE_DATE "10/23"
| /* end confdefs.h.  */
| #include <ac_nonexistent.h>
configure:6592: result: gcc -E
configure:6621: gcc -E  conftest.c
configure:6628: $? = 0
configure:6659: gcc -E  conftest.c
conftest.c:12:28: error: ac_nonexistent.h: No such file or directory
configure:6666: $? = 1
configure: failed program was:
| /* confdefs.h.  */
| #define PACKAGE_NAME "tesseract"
| #define PACKAGE_TARNAME "tesseract"
| #define PACKAGE_VERSION "3.02.02"
| #define PACKAGE_STRING "tesseract 3.02.02"
| #define PACKAGE_BUGREPORT "http://code.google.com/p/tesseract-ocr/issues/list"
| #define PACKAGE_NAME "tesseract"
| #define PACKAGE_VERSION "3.02.02"
| #define PACKAGE_YEAR "2012"
| #define PACKAGE_DATE "10/23"
| /* end confdefs.h.  */
| #include <ac_nonexistent.h>
configure:6706: checking for ANSI C header files
configure:6736: gcc -c -g -O2  conftest.c >&5
configure:6743: $? = 0
configure:6842: gcc -o conftest -g -O2   conftest.c  >&5
configure:6846: $? = 0
configure:6852: ./conftest
configure:6856: $? = 0
configure:6874: result: yes
configure:6898: checking for sys/types.h
configure:6919: gcc -c -g -O2  conftest.c >&5
configure:6926: $? = 0
configure:6943: result: yes
configure:6898: checking for sys/stat.h
configure:6919: gcc -c -g -O2  conftest.c >&5
configure:6926: $? = 0
configure:6943: result: yes
configure:6898: checking for stdlib.h
configure:6919: gcc -c -g -O2  conftest.c >&5
configure:6926: $? = 0
configure:6943: result: yes
configure:6898: checking for string.h
configure:6919: gcc -c -g -O2  conftest.c >&5
configure:6926: $? = 0
configure:6943: result: yes
configure:6898: checking for memory.h
configure:6919: gcc -c -g -O2  conftest.c >&5
configure:6926: $? = 0
configure:6943: result: yes
configure:6898: checking for strings.h
configure:6919: gcc -c -g -O2  conftest.c >&5
configure:6926: $? = 0
configure:6943: result: yes
configure:6898: checking for inttypes.h
configure:6919: gcc -c -g -O2  conftest.c >&5
configure:6926: $? = 0
configure:6943: result: yes
configure:6898: checking for stdint.h
configure:6919: gcc -c -g -O2  conftest.c >&5
configure:6926: $? = 0
configure:6943: result: yes
configure:6898: checking for unistd.h
configure:6919: gcc -c -g -O2  conftest.c >&5
configure:6926: $? = 0
configure:6943: result: yes
configure:6961: checking for dlfcn.h
configure:6982: gcc -c -g -O2  conftest.c >&5
configure:6989: $? = 0
configure:7006: result: yes
configure:7133: checking for C++ compiler version
configure:7141: g++ --version >&5
g++ (GCC) 4.4.7 20120313 (Red Hat 4.4.7-16)
Copyright (C) 2010 Free Software Foundation, Inc.
This is free software; see the source for copying conditions.  There is NO
warranty; not even for MERCHANTABILITY or FITNESS FOR A PARTICULAR PURPOSE.

configure:7145: $? = 0
configure:7152: g++ -v >&5
Using built-in specs.
Target: x86_64-redhat-linux
Configured with: ../configure --prefix=/usr --mandir=/usr/share/man --infodir=/usr/share/info --with-bugurl=http://bugzilla.redhat.com/bugzilla --enable-bootstrap --enable-shared --enable-threads=posix --enable-checking=release --with-system-zlib --enable-__cxa_atexit --disable-libunwind-exceptions --enable-gnu-unique-object --enable-languages=c,c++,objc,obj-c++,java,fortran,ada --enable-java-awt=gtk --disable-dssi --with-java-home=/usr/lib/jvm/java-1.5.0-gcj-1.5.0.0/jre --enable-libgcj-multifile --enable-java-maintainer-mode --with-ecj-jar=/usr/share/java/eclipse-ecj.jar --disable-libjava-multilib --with-ppl --with-cloog --with-tune=generic --with-arch_32=i686 --build=x86_64-redhat-linux
Thread model: posix
gcc version 4.4.7 20120313 (Red Hat 4.4.7-16) (GCC) 
configure:7156: $? = 0
configure:7163: g++ -V >&5
g++: '-V' option must have argument
configure:7167: $? = 1
configure:7170: checking whether we are using the GNU C++ compiler
configure:7223: result: yes
configure:7232: checking whether g++ accepts -g
configure:7370: result: yes
configure:7401: checking how to run the C++ preprocessor
configure:7437: g++ -E  conftest.cpp
configure:7444: $? = 0
configure:7475: g++ -E  conftest.cpp
conftest.cpp:23:28: error: ac_nonexistent.h: No such file or directory
configure:7482: $? = 1
configure: failed program was:
| /* confdefs.h.  */
| #define PACKAGE_NAME "tesseract"
| #define PACKAGE_TARNAME "tesseract"
| #define PACKAGE_VERSION "3.02.02"
| #define PACKAGE_STRING "tesseract 3.02.02"
| #define PACKAGE_BUGREPORT "http://code.google.com/p/tesseract-ocr/issues/list"
| #define PACKAGE_NAME "tesseract"
| #define PACKAGE_VERSION "3.02.02"
| #define PACKAGE_YEAR "2012"
| #define PACKAGE_DATE "10/23"
| #define STDC_HEADERS 1
| #define HAVE_SYS_TYPES_H 1
| #define HAVE_SYS_STAT_H 1
| #define HAVE_STDLIB_H 1
| #define HAVE_STRING_H 1
| #define HAVE_MEMORY_H 1
| #define HAVE_STRINGS_H 1
| #define HAVE_INTTYPES_H 1
| #define HAVE_STDINT_H 1
| #define HAVE_UNISTD_H 1
| #define HAVE_DLFCN_H 1
| /* end confdefs.h.  */
| #include <ac_nonexistent.h>
configure:7515: result: g++ -E
configure:7544: g++ -E  conftest.cpp
configure:7551: $? = 0
configure:7582: g++ -E  conftest.cpp
conftest.cpp:23:28: error: ac_nonexistent.h: No such file or directory
configure:7589: $? = 1
configure: failed program was:
| /* confdefs.h.  */
| #define PACKAGE_NAME "tesseract"
| #define PACKAGE_TARNAME "tesseract"
| #define PACKAGE_VERSION "3.02.02"
| #define PACKAGE_STRING "tesseract 3.02.02"
| #define PACKAGE_BUGREPORT "http://code.google.com/p/tesseract-ocr/issues/list"
| #define PACKAGE_NAME "tesseract"
| #define PACKAGE_VERSION "3.02.02"
| #define PACKAGE_YEAR "2012"
| #define PACKAGE_DATE "10/23"
| #define STDC_HEADERS 1
| #define HAVE_SYS_TYPES_H 1
| #define HAVE_SYS_STAT_H 1
| #define HAVE_STDLIB_H 1
| #define HAVE_STRING_H 1
| #define HAVE_MEMORY_H 1
| #define HAVE_STRINGS_H 1
| #define HAVE_INTTYPES_H 1
| #define HAVE_STDINT_H 1
| #define HAVE_UNISTD_H 1
| #define HAVE_DLFCN_H 1
| /* end confdefs.h.  */
| #include <ac_nonexistent.h>
configure:7803: checking for objdir
configure:7818: result: .libs
configure:8110: checking if gcc supports -fno-rtti -fno-exceptions
configure:8128: gcc -c -g -O2  -fno-rtti -fno-exceptions conftest.c >&5
cc1: warning: command line option "-fno-rtti" is valid for C++/ObjC++ but not for C
configure:8132: $? = 0
configure:8145: result: no
configure:8165: checking for gcc option to produce PIC
configure:8437: result: -fPIC -DPIC
configure:8449: checking if gcc PIC flag -fPIC -DPIC works
configure:8467: gcc -c -g -O2  -fPIC -DPIC -DPIC conftest.c >&5
configure:8471: $? = 0
configure:8484: result: yes
configure:8508: checking if gcc static flag -static works
configure:8536: result: no
configure:8551: checking if gcc supports -c -o file.o
configure:8572: gcc -c -g -O2  -o out/conftest2.o conftest.c >&5
configure:8576: $? = 0
configure:8598: result: yes
configure:8606: checking if gcc supports -c -o file.o
configure:8653: result: yes
configure:8686: checking whether the gcc linker (/usr/bin/ld -m elf_x86_64) supports shared libraries
configure:9760: result: yes
configure:9797: checking whether -lc should be explicitly linked in
configure:9802: gcc -c -g -O2  conftest.c >&5
configure:9805: $? = 0
configure:9820: gcc -shared conftest.o  -v -Wl,-soname -Wl,conftest -o conftest 2\>\&1 \| /bin/grep  -lc  \>/dev/null 2\>\&1
configure:9823: $? = 0
configure:9835: result: no
configure:9999: checking dynamic linker characteristics
configure:10442: gcc -o conftest -g -O2   -Wl,-rpath -Wl,/foo conftest.c  >&5
configure:10449: $? = 0
configure:10685: result: GNU/Linux ld.so
configure:10787: checking how to hardcode library paths into programs
configure:10812: result: immediate
configure:11645: checking whether stripping libraries is possible
configure:11650: result: yes
configure:11685: checking if libtool supports shared libraries
configure:11687: result: yes
configure:11690: checking whether to build shared libraries
configure:11711: result: yes
configure:11714: checking whether to build static libraries
configure:11718: result: yes
configure:11868: checking for ld used by g++
configure:11935: result: /usr/bin/ld -m elf_x86_64
configure:11944: checking if the linker (/usr/bin/ld -m elf_x86_64) is GNU ld
configure:11959: result: yes
configure:12014: checking whether the g++ linker (/usr/bin/ld -m elf_x86_64) supports shared libraries
configure:12989: result: yes
configure:13017: g++ -c -g -O2  conftest.cpp >&5
configure:13020: $? = 0
configure:13202: checking for g++ option to produce PIC
configure:13519: result: -fPIC -DPIC
configure:13528: checking if g++ PIC flag -fPIC -DPIC works
configure:13546: g++ -c -g -O2  -fPIC -DPIC -DPIC conftest.cpp >&5
configure:13550: $? = 0
configure:13563: result: yes
configure:13584: checking if g++ static flag -static works
configure:13612: result: no
configure:13624: checking if g++ supports -c -o file.o
configure:13645: g++ -c -g -O2  -o out/conftest2.o conftest.cpp >&5
configure:13649: $? = 0
configure:13671: result: yes
configure:13676: checking if g++ supports -c -o file.o
configure:13723: result: yes
configure:13753: checking whether the g++ linker (/usr/bin/ld -m elf_x86_64) supports shared libraries
configure:13779: result: yes
configure:13916: checking dynamic linker characteristics
configure:14307: g++ -o conftest -g -O2   -Wl,-rpath -Wl,/foo conftest.cpp  >&5
configure:14314: $? = 0
configure:14550: result: GNU/Linux ld.so
configure:14601: checking how to hardcode library paths into programs
configure:14626: result: immediate
configure:14709: checking for a BSD-compatible install
configure:14777: result: /usr/bin/install -c
configure:14788: checking whether build environment is sane
configure:14848: result: yes
configure:14989: checking for a thread-safe mkdir -p
configure:15028: result: /bin/mkdir -p
configure:15041: checking for gawk
configure:15057: found /bin/gawk
configure:15068: result: gawk
configure:15079: checking whether make sets $(MAKE)
configure:15101: result: yes
configure:15131: checking for style of include used by make
configure:15159: result: GNU
configure:15246: checking dependency style of gcc
configure:15356: result: gcc3
configure:15373: checking dependency style of g++
configure:15483: result: gcc3
configure:15503: checking whether to enable maintainer-specific portions of Makefiles
configure:15512: result: no
configure:15542: checking whether byte ordering is bigendian
configure:15567: gcc -c -g -O2  conftest.c >&5
conftest.c:27: error: expected '=', ',', ';', 'asm' or '__attribute__' before 'a'
configure:15574: $? = 1
configure: failed program was:
| /* confdefs.h.  */
| #define PACKAGE_NAME "tesseract"
| #define PACKAGE_TARNAME "tesseract"
| #define PACKAGE_VERSION "3.02.02"
| #define PACKAGE_STRING "tesseract 3.02.02"
| #define PACKAGE_BUGREPORT "http://code.google.com/p/tesseract-ocr/issues/list"
| #define PACKAGE_NAME "tesseract"
| #define PACKAGE_VERSION "3.02.02"
| #define PACKAGE_YEAR "2012"
| #define PACKAGE_DATE "10/23"
| #define STDC_HEADERS 1
| #define HAVE_SYS_TYPES_H 1
| #define HAVE_SYS_STAT_H 1
| #define HAVE_STDLIB_H 1
| #define HAVE_STRING_H 1
| #define HAVE_MEMORY_H 1
| #define HAVE_STRINGS_H 1
| #define HAVE_INTTYPES_H 1
| #define HAVE_STDINT_H 1
| #define HAVE_UNISTD_H 1
| #define HAVE_DLFCN_H 1
| #define LT_OBJDIR ".libs/"
| #define PACKAGE "tesseract"
| #define VERSION "3.02.02"
| /* end confdefs.h.  */
| #ifndef __APPLE_CC__
| 	       not a universal capable compiler
| 	     #endif
| 	     typedef int dummy;
| 
configure:15624: gcc -c -g -O2  conftest.c >&5
configure:15631: $? = 0
configure:15663: gcc -c -g -O2  conftest.c >&5
conftest.c: In function 'main':
conftest.c:33: error: 'not' undeclared (first use in this function)
conftest.c:33: error: (Each undeclared identifier is reported only once
conftest.c:33: error: for each function it appears in.)
conftest.c:33: error: expected ';' before 'big'
configure:15670: $? = 1
configure: failed program was:
| /* confdefs.h.  */
| #define PACKAGE_NAME "tesseract"
| #define PACKAGE_TARNAME "tesseract"
| #define PACKAGE_VERSION "3.02.02"
| #define PACKAGE_STRING "tesseract 3.02.02"
| #define PACKAGE_BUGREPORT "http://code.google.com/p/tesseract-ocr/issues/list"
| #define PACKAGE_NAME "tesseract"
| #define PACKAGE_VERSION "3.02.02"
| #define PACKAGE_YEAR "2012"
| #define PACKAGE_DATE "10/23"
| #define STDC_HEADERS 1
| #define HAVE_SYS_TYPES_H 1
| #define HAVE_SYS_STAT_H 1
| #define HAVE_STDLIB_H 1
| #define HAVE_STRING_H 1
| #define HAVE_MEMORY_H 1
| #define HAVE_STRINGS_H 1
| #define HAVE_INTTYPES_H 1
| #define HAVE_STDINT_H 1
| #define HAVE_UNISTD_H 1
| #define HAVE_DLFCN_H 1
| #define LT_OBJDIR ".libs/"
| #define PACKAGE "tesseract"
| #define VERSION "3.02.02"
| /* end confdefs.h.  */
| #include <sys/types.h>
| 		#include <sys/param.h>
| 
| int
| main ()
| {
| #if BYTE_ORDER != BIG_ENDIAN
| 		 not big endian
| 		#endif
| 
|   ;
|   return 0;
| }
configure:15922: result: no
configure:16060: checking for library containing sem_init
configure:16101: g++ -o conftest -g -O2   conftest.cpp  >&5
/tmp/ccnsOZy6.o: In function `main':
/DMA/AmazonPrice/img/tesseract-3.02.02/conftest.cpp:37: undefined reference to `sem_init'
collect2: ld returned 1 exit status
configure:16108: $? = 1
configure: failed program was:
| /* confdefs.h.  */
| #define PACKAGE_NAME "tesseract"
| #define PACKAGE_TARNAME "tesseract"
| #define PACKAGE_VERSION "3.02.02"
| #define PACKAGE_STRING "tesseract 3.02.02"
| #define PACKAGE_BUGREPORT "http://code.google.com/p/tesseract-ocr/issues/list"
| #define PACKAGE_NAME "tesseract"
| #define PACKAGE_VERSION "3.02.02"
| #define PACKAGE_YEAR "2012"
| #define PACKAGE_DATE "10/23"
| #define STDC_HEADERS 1
| #define HAVE_SYS_TYPES_H 1
| #define HAVE_SYS_STAT_H 1
| #define HAVE_STDLIB_H 1
| #define HAVE_STRING_H 1
| #define HAVE_MEMORY_H 1
| #define HAVE_STRINGS_H 1
| #define HAVE_INTTYPES_H 1
| #define HAVE_STDINT_H 1
| #define HAVE_UNISTD_H 1
| #define HAVE_DLFCN_H 1
| #define LT_OBJDIR ".libs/"
| #define PACKAGE "tesseract"
| #define VERSION "3.02.02"
| /* end confdefs.h.  */
| 
| /* Override any GCC internal prototype to avoid an error.
|    Use char because int might match the return type of a GCC
|    builtin and then its argument prototype would still apply.  */
| #ifdef __cplusplus
| extern "C"
| #endif
| char sem_init ();
| int
| main ()
| {
| return sem_init ();
|   ;
|   return 0;
| }
configure:16101: g++ -o conftest -g -O2   conftest.cpp -lpthread   >&5
configure:16108: $? = 0
configure:16139: result: -lpthread
configure:16154: checking for ANSI C header files
configure:16322: result: yes
configure:16332: checking whether time.h and sys/time.h may both be included
configure:16362: g++ -c -g -O2  conftest.cpp >&5
configure:16369: $? = 0
configure:16384: result: yes
configure:16394: checking for sys/wait.h that is POSIX.1 compatible
configure:16430: g++ -c -g -O2  conftest.cpp >&5
configure:16437: $? = 0
configure:16452: result: yes
configure:16479: checking sys/ipc.h usability
configure:16496: g++ -c -g -O2  conftest.cpp >&5
configure:16503: $? = 0
configure:16517: result: yes
configure:16521: checking sys/ipc.h presence
configure:16536: g++ -E  conftest.cpp
configure:16543: $? = 0
configure:16557: result: yes
configure:16590: checking for sys/ipc.h
configure:16599: result: yes
configure:16479: checking sys/shm.h usability
configure:16496: g++ -c -g -O2  conftest.cpp >&5
configure:16503: $? = 0
configure:16517: result: yes
configure:16521: checking sys/shm.h presence
configure:16536: g++ -E  conftest.cpp
configure:16543: $? = 0
configure:16557: result: yes
configure:16590: checking for sys/shm.h
configure:16599: result: yes
configure:16631: checking limits.h usability
configure:16648: g++ -c -g -O2  conftest.cpp >&5
configure:16655: $? = 0
configure:16669: result: yes
configure:16673: checking limits.h presence
configure:16688: g++ -E  conftest.cpp
configure:16695: $? = 0
configure:16709: result: yes
configure:16742: checking for limits.h
configure:16751: result: yes
configure:16631: checking malloc.h usability
configure:16648: g++ -c -g -O2  conftest.cpp >&5
configure:16655: $? = 0
configure:16669: result: yes
configure:16673: checking malloc.h presence
configure:16688: g++ -E  conftest.cpp
configure:16695: $? = 0
configure:16709: result: yes
configure:16742: checking for malloc.h
configure:16751: result: yes
configure:16782: checking allheaders.h usability
configure:16799: g++ -c -g -O2  conftest.cpp >&5
conftest.cpp:66:24: error: allheaders.h: No such file or directory
configure:16806: $? = 1
configure: failed program was:
| /* confdefs.h.  */
| #define PACKAGE_NAME "tesseract"
| #define PACKAGE_TARNAME "tesseract"
| #define PACKAGE_VERSION "3.02.02"
| #define PACKAGE_STRING "tesseract 3.02.02"
| #define PACKAGE_BUGREPORT "http://code.google.com/p/tesseract-ocr/issues/list"
| #define PACKAGE_NAME "tesseract"
| #define PACKAGE_VERSION "3.02.02"
| #define PACKAGE_YEAR "2012"
| #define PACKAGE_DATE "10/23"
| #define STDC_HEADERS 1
| #define HAVE_SYS_TYPES_H 1
| #define HAVE_SYS_STAT_H 1
| #define HAVE_STDLIB_H 1
| #define HAVE_STRING_H 1
| #define HAVE_MEMORY_H 1
| #define HAVE_STRINGS_H 1
| #define HAVE_INTTYPES_H 1
| #define HAVE_STDINT_H 1
| #define HAVE_UNISTD_H 1
| #define HAVE_DLFCN_H 1
| #define LT_OBJDIR ".libs/"
| #define PACKAGE "tesseract"
| #define VERSION "3.02.02"
| #define STDC_HEADERS 1
| #define TIME_WITH_SYS_TIME 1
| #define HAVE_SYS_WAIT_H 1
| #define HAVE_SYS_IPC_H 1
| #define HAVE_SYS_SHM_H 1
| #define HAVE_LIMITS_H 1
| #define HAVE_MALLOC_H 1
| /* end confdefs.h.  */
| #include <stdio.h>
| #ifdef HAVE_SYS_TYPES_H
| # include <sys/types.h>
| #endif
| #ifdef HAVE_SYS_STAT_H
| # include <sys/stat.h>
| #endif
| #ifdef STDC_HEADERS
| # include <stdlib.h>
| # include <stddef.h>
| #else
| # ifdef HAVE_STDLIB_H
| #  include <stdlib.h>
| # endif
| #endif
| #ifdef HAVE_STRING_H
| # if !defined STDC_HEADERS && defined HAVE_MEMORY_H
| #  include <memory.h>
| # endif
| # include <string.h>
| #endif
| #ifdef HAVE_STRINGS_H
| # include <strings.h>
| #endif
| #ifdef HAVE_INTTYPES_H
| # include <inttypes.h>
| #endif
| #ifdef HAVE_STDINT_H
| # include <stdint.h>
| #endif
| #ifdef HAVE_UNISTD_H
| # include <unistd.h>
| #endif
| #include <allheaders.h>
configure:16820: result: no
configure:16824: checking allheaders.h presence
configure:16839: g++ -E  conftest.cpp
conftest.cpp:33:24: error: allheaders.h: No such file or directory
configure:16846: $? = 1
configure: failed program was:
| /* confdefs.h.  */
| #define PACKAGE_NAME "tesseract"
| #define PACKAGE_TARNAME "tesseract"
| #define PACKAGE_VERSION "3.02.02"
| #define PACKAGE_STRING "tesseract 3.02.02"
| #define PACKAGE_BUGREPORT "http://code.google.com/p/tesseract-ocr/issues/list"
| #define PACKAGE_NAME "tesseract"
| #define PACKAGE_VERSION "3.02.02"
| #define PACKAGE_YEAR "2012"
| #define PACKAGE_DATE "10/23"
| #define STDC_HEADERS 1
| #define HAVE_SYS_TYPES_H 1
| #define HAVE_SYS_STAT_H 1
| #define HAVE_STDLIB_H 1
| #define HAVE_STRING_H 1
| #define HAVE_MEMORY_H 1
| #define HAVE_STRINGS_H 1
| #define HAVE_INTTYPES_H 1
| #define HAVE_STDINT_H 1
| #define HAVE_UNISTD_H 1
| #define HAVE_DLFCN_H 1
| #define LT_OBJDIR ".libs/"
| #define PACKAGE "tesseract"
| #define VERSION "3.02.02"
| #define STDC_HEADERS 1
| #define TIME_WITH_SYS_TIME 1
| #define HAVE_SYS_WAIT_H 1
| #define HAVE_SYS_IPC_H 1
| #define HAVE_SYS_SHM_H 1
| #define HAVE_LIMITS_H 1
| #define HAVE_MALLOC_H 1
| /* end confdefs.h.  */
| #include <allheaders.h>
configure:16860: result: no
configure:16893: checking for allheaders.h
configure:16902: result: no
configure:16918: checking for stdbool.h that conforms to C99
configure:17013: g++ -c -g -O2  conftest.cpp >&5
configure:17020: $? = 0
configure:17035: result: yes
configure:17037: checking for _Bool
configure:17065: g++ -c -g -O2  conftest.cpp >&5
conftest.cpp: In function 'int main()':
conftest.cpp:69: error: '_Bool' was not declared in this scope
configure:17072: $? = 1
configure: failed program was:
| /* confdefs.h.  */
| #define PACKAGE_NAME "tesseract"
| #define PACKAGE_TARNAME "tesseract"
| #define PACKAGE_VERSION "3.02.02"
| #define PACKAGE_STRING "tesseract 3.02.02"
| #define PACKAGE_BUGREPORT "http://code.google.com/p/tesseract-ocr/issues/list"
| #define PACKAGE_NAME "tesseract"
| #define PACKAGE_VERSION "3.02.02"
| #define PACKAGE_YEAR "2012"
| #define PACKAGE_DATE "10/23"
| #define STDC_HEADERS 1
| #define HAVE_SYS_TYPES_H 1
| #define HAVE_SYS_STAT_H 1
| #define HAVE_STDLIB_H 1
| #define HAVE_STRING_H 1
| #define HAVE_MEMORY_H 1
| #define HAVE_STRINGS_H 1
| #define HAVE_INTTYPES_H 1
| #define HAVE_STDINT_H 1
| #define HAVE_UNISTD_H 1
| #define HAVE_DLFCN_H 1
| #define LT_OBJDIR ".libs/"
| #define PACKAGE "tesseract"
| #define VERSION "3.02.02"
| #define STDC_HEADERS 1
| #define TIME_WITH_SYS_TIME 1
| #define HAVE_SYS_WAIT_H 1
| #define HAVE_SYS_IPC_H 1
| #define HAVE_SYS_SHM_H 1
| #define HAVE_LIMITS_H 1
| #define HAVE_MALLOC_H 1
| /* end confdefs.h.  */
| #include <stdio.h>
| #ifdef HAVE_SYS_TYPES_H
| # include <sys/types.h>
| #endif
| #ifdef HAVE_SYS_STAT_H
| # include <sys/stat.h>
| #endif
| #ifdef STDC_HEADERS
| # include <stdlib.h>
| # include <stddef.h>
| #else
| # ifdef HAVE_STDLIB_H
| #  include <stdlib.h>
| # endif
| #endif
| #ifdef HAVE_STRING_H
| # if !defined STDC_HEADERS && defined HAVE_MEMORY_H
| #  include <memory.h>
| # endif
| # include <string.h>
| #endif
| #ifdef HAVE_STRINGS_H
| # include <strings.h>
| #endif
| #ifdef HAVE_INTTYPES_H
| # include <inttypes.h>
| #endif
| #ifdef HAVE_STDINT_H
| # include <stdint.h>
| #endif
| #ifdef HAVE_UNISTD_H
| # include <unistd.h>
| #endif
| int
| main ()
| {
| if (sizeof (_Bool))
|        return 0;
|   ;
|   return 0;
| }
configure:17129: result: no
configure:17150: checking whether #! works in shell scripts
configure:17167: result: yes
configure:17178: checking for special C compiler options needed for large files
configure:17273: result: no
configure:17279: checking for _FILE_OFFSET_BITS value needed for large files
configure:17314: g++ -c -g -O2  conftest.cpp >&5
configure:17321: $? = 0
configure:17390: result: no
configure:17533: checking for wchar_t
configure:17561: g++ -c -g -O2  conftest.cpp >&5
configure:17568: $? = 0
configure:17595: g++ -c -g -O2  conftest.cpp >&5
conftest.cpp: In function 'int main()':
conftest.cpp:70: error: expected primary-expression before 'wchar_t'
conftest.cpp:70: error: expected ')' before 'wchar_t'
conftest.cpp:71: error: expected ')' before ';' token
conftest.cpp:71: error: expected ')' before ';' token
configure:17602: $? = 1
configure: failed program was:
| /* confdefs.h.  */
| #define PACKAGE_NAME "tesseract"
| #define PACKAGE_TARNAME "tesseract"
| #define PACKAGE_VERSION "3.02.02"
| #define PACKAGE_STRING "tesseract 3.02.02"
| #define PACKAGE_BUGREPORT "http://code.google.com/p/tesseract-ocr/issues/list"
| #define PACKAGE_NAME "tesseract"
| #define PACKAGE_VERSION "3.02.02"
| #define PACKAGE_YEAR "2012"
| #define PACKAGE_DATE "10/23"
| #define STDC_HEADERS 1
| #define HAVE_SYS_TYPES_H 1
| #define HAVE_SYS_STAT_H 1
| #define HAVE_STDLIB_H 1
| #define HAVE_STRING_H 1
| #define HAVE_MEMORY_H 1
| #define HAVE_STRINGS_H 1
| #define HAVE_INTTYPES_H 1
| #define HAVE_STDINT_H 1
| #define HAVE_UNISTD_H 1
| #define HAVE_DLFCN_H 1
| #define LT_OBJDIR ".libs/"
| #define PACKAGE "tesseract"
| #define VERSION "3.02.02"
| #define STDC_HEADERS 1
| #define TIME_WITH_SYS_TIME 1
| #define HAVE_SYS_WAIT_H 1
| #define HAVE_SYS_IPC_H 1
| #define HAVE_SYS_SHM_H 1
| #define HAVE_LIMITS_H 1
| #define HAVE_MALLOC_H 1
| #define HAVE_STDBOOL_H 1
| /* end confdefs.h.  */
| #include <stdio.h>
| #ifdef HAVE_SYS_TYPES_H
| # include <sys/types.h>
| #endif
| #ifdef HAVE_SYS_STAT_H
| # include <sys/stat.h>
| #endif
| #ifdef STDC_HEADERS
| # include <stdlib.h>
| # include <stddef.h>
| #else
| # ifdef HAVE_STDLIB_H
| #  include <stdlib.h>
| # endif
| #endif
| #ifdef HAVE_STRING_H
| # if !defined STDC_HEADERS && defined HAVE_MEMORY_H
| #  include <memory.h>
| # endif
| # include <string.h>
| #endif
| #ifdef HAVE_STRINGS_H
| # include <strings.h>
| #endif
| #ifdef HAVE_INTTYPES_H
| # include <inttypes.h>
| #endif
| #ifdef HAVE_STDINT_H
| # include <stdint.h>
| #endif
| #ifdef HAVE_UNISTD_H
| # include <unistd.h>
| #endif
| int
| main ()
| {
| if (sizeof ((wchar_t)))
| 	  return 0;
|   ;
|   return 0;
| }
configure:17625: result: yes
configure:17636: checking for long long int
configure:17664: g++ -c -g -O2  conftest.cpp >&5
configure:17671: $? = 0
configure:17698: g++ -c -g -O2  conftest.cpp >&5
conftest.cpp: In function 'int main()':
conftest.cpp:71: error: expected primary-expression before 'long'
conftest.cpp:71: error: expected ')' before 'long'
conftest.cpp:72: error: expected ')' before ';' token
conftest.cpp:72: error: expected ')' before ';' token
configure:17705: $? = 1
configure: failed program was:
| /* confdefs.h.  */
| #define PACKAGE_NAME "tesseract"
| #define PACKAGE_TARNAME "tesseract"
| #define PACKAGE_VERSION "3.02.02"
| #define PACKAGE_STRING "tesseract 3.02.02"
| #define PACKAGE_BUGREPORT "http://code.google.com/p/tesseract-ocr/issues/list"
| #define PACKAGE_NAME "tesseract"
| #define PACKAGE_VERSION "3.02.02"
| #define PACKAGE_YEAR "2012"
| #define PACKAGE_DATE "10/23"
| #define STDC_HEADERS 1
| #define HAVE_SYS_TYPES_H 1
| #define HAVE_SYS_STAT_H 1
| #define HAVE_STDLIB_H 1
| #define HAVE_STRING_H 1
| #define HAVE_MEMORY_H 1
| #define HAVE_STRINGS_H 1
| #define HAVE_INTTYPES_H 1
| #define HAVE_STDINT_H 1
| #define HAVE_UNISTD_H 1
| #define HAVE_DLFCN_H 1
| #define LT_OBJDIR ".libs/"
| #define PACKAGE "tesseract"
| #define VERSION "3.02.02"
| #define STDC_HEADERS 1
| #define TIME_WITH_SYS_TIME 1
| #define HAVE_SYS_WAIT_H 1
| #define HAVE_SYS_IPC_H 1
| #define HAVE_SYS_SHM_H 1
| #define HAVE_LIMITS_H 1
| #define HAVE_MALLOC_H 1
| #define HAVE_STDBOOL_H 1
| #define HAVE_WCHAR_T 1
| /* end confdefs.h.  */
| #include <stdio.h>
| #ifdef HAVE_SYS_TYPES_H
| # include <sys/types.h>
| #endif
| #ifdef HAVE_SYS_STAT_H
| # include <sys/stat.h>
| #endif
| #ifdef STDC_HEADERS
| # include <stdlib.h>
| # include <stddef.h>
| #else
| # ifdef HAVE_STDLIB_H
| #  include <stdlib.h>
| # endif
| #endif
| #ifdef HAVE_STRING_H
| # if !defined STDC_HEADERS && defined HAVE_MEMORY_H
| #  include <memory.h>
| # endif
| # include <string.h>
| #endif
| #ifdef HAVE_STRINGS_H
| # include <strings.h>
| #endif
| #ifdef HAVE_INTTYPES_H
| # include <inttypes.h>
| #endif
| #ifdef HAVE_STDINT_H
| # include <stdint.h>
| #endif
| #ifdef HAVE_UNISTD_H
| # include <unistd.h>
| #endif
| int
| main ()
| {
| if (sizeof ((long long int)))
| 	  return 0;
|   ;
|   return 0;
| }
configure:17728: result: yes
configure:17739: checking for mbstate_t
configure:17768: g++ -c -g -O2  conftest.cpp >&5
configure:17775: $? = 0
configure:17803: g++ -c -g -O2  conftest.cpp >&5
conftest.cpp: In function 'int main()':
conftest.cpp:41: error: expected primary-expression before ')' token
configure:17810: $? = 1
configure: failed program was:
| /* confdefs.h.  */
| #define PACKAGE_NAME "tesseract"
| #define PACKAGE_TARNAME "tesseract"
| #define PACKAGE_VERSION "3.02.02"
| #define PACKAGE_STRING "tesseract 3.02.02"
| #define PACKAGE_BUGREPORT "http://code.google.com/p/tesseract-ocr/issues/list"
| #define PACKAGE_NAME "tesseract"
| #define PACKAGE_VERSION "3.02.02"
| #define PACKAGE_YEAR "2012"
| #define PACKAGE_DATE "10/23"
| #define STDC_HEADERS 1
| #define HAVE_SYS_TYPES_H 1
| #define HAVE_SYS_STAT_H 1
| #define HAVE_STDLIB_H 1
| #define HAVE_STRING_H 1
| #define HAVE_MEMORY_H 1
| #define HAVE_STRINGS_H 1
| #define HAVE_INTTYPES_H 1
| #define HAVE_STDINT_H 1
| #define HAVE_UNISTD_H 1
| #define HAVE_DLFCN_H 1
| #define LT_OBJDIR ".libs/"
| #define PACKAGE "tesseract"
| #define VERSION "3.02.02"
| #define STDC_HEADERS 1
| #define TIME_WITH_SYS_TIME 1
| #define HAVE_SYS_WAIT_H 1
| #define HAVE_SYS_IPC_H 1
| #define HAVE_SYS_SHM_H 1
| #define HAVE_LIMITS_H 1
| #define HAVE_MALLOC_H 1
| #define HAVE_STDBOOL_H 1
| #define HAVE_WCHAR_T 1
| #define HAVE_LONG_LONG_INT 1
| /* end confdefs.h.  */
| #include "wchar.h"
| 
| int
| main ()
| {
| if (sizeof ((mbstate_t)))
| 	  return 0;
|   ;
|   return 0;
| }
configure:17833: result: yes
configure:17847: checking for size_t
configure:17875: g++ -c -g -O2  conftest.cpp >&5
configure:17882: $? = 0
configure:17909: g++ -c -g -O2  conftest.cpp >&5
conftest.cpp: In function 'int main()':
conftest.cpp:73: error: expected primary-expression before ')' token
configure:17916: $? = 1
configure: failed program was:
| /* confdefs.h.  */
| #define PACKAGE_NAME "tesseract"
| #define PACKAGE_TARNAME "tesseract"
| #define PACKAGE_VERSION "3.02.02"
| #define PACKAGE_STRING "tesseract 3.02.02"
| #define PACKAGE_BUGREPORT "http://code.google.com/p/tesseract-ocr/issues/list"
| #define PACKAGE_NAME "tesseract"
| #define PACKAGE_VERSION "3.02.02"
| #define PACKAGE_YEAR "2012"
| #define PACKAGE_DATE "10/23"
| #define STDC_HEADERS 1
| #define HAVE_SYS_TYPES_H 1
| #define HAVE_SYS_STAT_H 1
| #define HAVE_STDLIB_H 1
| #define HAVE_STRING_H 1
| #define HAVE_MEMORY_H 1
| #define HAVE_STRINGS_H 1
| #define HAVE_INTTYPES_H 1
| #define HAVE_STDINT_H 1
| #define HAVE_UNISTD_H 1
| #define HAVE_DLFCN_H 1
| #define LT_OBJDIR ".libs/"
| #define PACKAGE "tesseract"
| #define VERSION "3.02.02"
| #define STDC_HEADERS 1
| #define TIME_WITH_SYS_TIME 1
| #define HAVE_SYS_WAIT_H 1
| #define HAVE_SYS_IPC_H 1
| #define HAVE_SYS_SHM_H 1
| #define HAVE_LIMITS_H 1
| #define HAVE_MALLOC_H 1
| #define HAVE_STDBOOL_H 1
| #define HAVE_WCHAR_T 1
| #define HAVE_LONG_LONG_INT 1
| #define HAVE_MBSTATE_T 1
| /* end confdefs.h.  */
| #include <stdio.h>
| #ifdef HAVE_SYS_TYPES_H
| # include <sys/types.h>
| #endif
| #ifdef HAVE_SYS_STAT_H
| # include <sys/stat.h>
| #endif
| #ifdef STDC_HEADERS
| # include <stdlib.h>
| # include <stddef.h>
| #else
| # ifdef HAVE_STDLIB_H
| #  include <stdlib.h>
| # endif
| #endif
| #ifdef HAVE_STRING_H
| # if !defined STDC_HEADERS && defined HAVE_MEMORY_H
| #  include <memory.h>
| # endif
| # include <string.h>
| #endif
| #ifdef HAVE_STRINGS_H
| # include <strings.h>
| #endif
| #ifdef HAVE_INTTYPES_H
| # include <inttypes.h>
| #endif
| #ifdef HAVE_STDINT_H
| # include <stdint.h>
| #endif
| #ifdef HAVE_UNISTD_H
| # include <unistd.h>
| #endif
| int
| main ()
| {
| if (sizeof ((size_t)))
| 	  return 0;
|   ;
|   return 0;
| }
configure:17939: result: yes
configure:17964: checking for stdlib.h
configure:17971: result: yes
configure:17964: checking for unistd.h
configure:17971: result: yes
configure:18114: checking for getpagesize
configure:18170: g++ -o conftest -g -O2   conftest.cpp -lpthread  >&5
configure:18177: $? = 0
configure:18199: result: yes
configure:18211: checking for working mmap
configure:18358: g++ -o conftest -g -O2   conftest.cpp -lpthread  >&5
configure:18362: $? = 0
configure:18368: ./conftest
configure:18372: $? = 0
configure:18389: result: yes
configure:18400: checking for pid_t
configure:18428: g++ -c -g -O2  conftest.cpp >&5
configure:18435: $? = 0
configure:18462: g++ -c -g -O2  conftest.cpp >&5
conftest.cpp: In function 'int main()':
conftest.cpp:77: error: expected primary-expression before ')' token
configure:18469: $? = 1
configure: failed program was:
| /* confdefs.h.  */
| #define PACKAGE_NAME "tesseract"
| #define PACKAGE_TARNAME "tesseract"
| #define PACKAGE_VERSION "3.02.02"
| #define PACKAGE_STRING "tesseract 3.02.02"
| #define PACKAGE_BUGREPORT "http://code.google.com/p/tesseract-ocr/issues/list"
| #define PACKAGE_NAME "tesseract"
| #define PACKAGE_VERSION "3.02.02"
| #define PACKAGE_YEAR "2012"
| #define PACKAGE_DATE "10/23"
| #define STDC_HEADERS 1
| #define HAVE_SYS_TYPES_H 1
| #define HAVE_SYS_STAT_H 1
| #define HAVE_STDLIB_H 1
| #define HAVE_STRING_H 1
| #define HAVE_MEMORY_H 1
| #define HAVE_STRINGS_H 1
| #define HAVE_INTTYPES_H 1
| #define HAVE_STDINT_H 1
| #define HAVE_UNISTD_H 1
| #define HAVE_DLFCN_H 1
| #define LT_OBJDIR ".libs/"
| #define PACKAGE "tesseract"
| #define VERSION "3.02.02"
| #define STDC_HEADERS 1
| #define TIME_WITH_SYS_TIME 1
| #define HAVE_SYS_WAIT_H 1
| #define HAVE_SYS_IPC_H 1
| #define HAVE_SYS_SHM_H 1
| #define HAVE_LIMITS_H 1
| #define HAVE_MALLOC_H 1
| #define HAVE_STDBOOL_H 1
| #define HAVE_WCHAR_T 1
| #define HAVE_LONG_LONG_INT 1
| #define HAVE_MBSTATE_T 1
| #define HAVE_STDLIB_H 1
| #define HAVE_UNISTD_H 1
| #define HAVE_GETPAGESIZE 1
| #define HAVE_MMAP 1
| /* end confdefs.h.  */
| #include <stdio.h>
| #ifdef HAVE_SYS_TYPES_H
| # include <sys/types.h>
| #endif
| #ifdef HAVE_SYS_STAT_H
| # include <sys/stat.h>
| #endif
| #ifdef STDC_HEADERS
| # include <stdlib.h>
| # include <stddef.h>
| #else
| # ifdef HAVE_STDLIB_H
| #  include <stdlib.h>
| # endif
| #endif
| #ifdef HAVE_STRING_H
| # if !defined STDC_HEADERS && defined HAVE_MEMORY_H
| #  include <memory.h>
| # endif
| # include <string.h>
| #endif
| #ifdef HAVE_STRINGS_H
| # include <strings.h>
| #endif
| #ifdef HAVE_INTTYPES_H
| # include <inttypes.h>
| #endif
| #ifdef HAVE_STDINT_H
| # include <stdint.h>
| #endif
| #ifdef HAVE_UNISTD_H
| # include <unistd.h>
| #endif
| int
| main ()
| {
| if (sizeof ((pid_t)))
| 	  return 0;
|   ;
|   return 0;
| }
configure:18492: result: yes
configure:18520: checking vfork.h usability
configure:18537: g++ -c -g -O2  conftest.cpp >&5
conftest.cpp:74:19: error: vfork.h: No such file or directory
configure:18544: $? = 1
configure: failed program was:
| /* confdefs.h.  */
| #define PACKAGE_NAME "tesseract"
| #define PACKAGE_TARNAME "tesseract"
| #define PACKAGE_VERSION "3.02.02"
| #define PACKAGE_STRING "tesseract 3.02.02"
| #define PACKAGE_BUGREPORT "http://code.google.com/p/tesseract-ocr/issues/list"
| #define PACKAGE_NAME "tesseract"
| #define PACKAGE_VERSION "3.02.02"
| #define PACKAGE_YEAR "2012"
| #define PACKAGE_DATE "10/23"
| #define STDC_HEADERS 1
| #define HAVE_SYS_TYPES_H 1
| #define HAVE_SYS_STAT_H 1
| #define HAVE_STDLIB_H 1
| #define HAVE_STRING_H 1
| #define HAVE_MEMORY_H 1
| #define HAVE_STRINGS_H 1
| #define HAVE_INTTYPES_H 1
| #define HAVE_STDINT_H 1
| #define HAVE_UNISTD_H 1
| #define HAVE_DLFCN_H 1
| #define LT_OBJDIR ".libs/"
| #define PACKAGE "tesseract"
| #define VERSION "3.02.02"
| #define STDC_HEADERS 1
| #define TIME_WITH_SYS_TIME 1
| #define HAVE_SYS_WAIT_H 1
| #define HAVE_SYS_IPC_H 1
| #define HAVE_SYS_SHM_H 1
| #define HAVE_LIMITS_H 1
| #define HAVE_MALLOC_H 1
| #define HAVE_STDBOOL_H 1
| #define HAVE_WCHAR_T 1
| #define HAVE_LONG_LONG_INT 1
| #define HAVE_MBSTATE_T 1
| #define HAVE_STDLIB_H 1
| #define HAVE_UNISTD_H 1
| #define HAVE_GETPAGESIZE 1
| #define HAVE_MMAP 1
| /* end confdefs.h.  */
| #include <stdio.h>
| #ifdef HAVE_SYS_TYPES_H
| # include <sys/types.h>
| #endif
| #ifdef HAVE_SYS_STAT_H
| # include <sys/stat.h>
| #endif
| #ifdef STDC_HEADERS
| # include <stdlib.h>
| # include <stddef.h>
| #else
| # ifdef HAVE_STDLIB_H
| #  include <stdlib.h>
| # endif
| #endif
| #ifdef HAVE_STRING_H
| # if !defined STDC_HEADERS && defined HAVE_MEMORY_H
| #  include <memory.h>
| # endif
| # include <string.h>
| #endif
| #ifdef HAVE_STRINGS_H
| # include <strings.h>
| #endif
| #ifdef HAVE_INTTYPES_H
| # include <inttypes.h>
| #endif
| #ifdef HAVE_STDINT_H
| # include <stdint.h>
| #endif
| #ifdef HAVE_UNISTD_H
| # include <unistd.h>
| #endif
| #include <vfork.h>
configure:18558: result: no
configure:18562: checking vfork.h presence
configure:18577: g++ -E  conftest.cpp
conftest.cpp:41:19: error: vfork.h: No such file or directory
configure:18584: $? = 1
configure: failed program was:
| /* confdefs.h.  */
| #define PACKAGE_NAME "tesseract"
| #define PACKAGE_TARNAME "tesseract"
| #define PACKAGE_VERSION "3.02.02"
| #define PACKAGE_STRING "tesseract 3.02.02"
| #define PACKAGE_BUGREPORT "http://code.google.com/p/tesseract-ocr/issues/list"
| #define PACKAGE_NAME "tesseract"
| #define PACKAGE_VERSION "3.02.02"
| #define PACKAGE_YEAR "2012"
| #define PACKAGE_DATE "10/23"
| #define STDC_HEADERS 1
| #define HAVE_SYS_TYPES_H 1
| #define HAVE_SYS_STAT_H 1
| #define HAVE_STDLIB_H 1
| #define HAVE_STRING_H 1
| #define HAVE_MEMORY_H 1
| #define HAVE_STRINGS_H 1
| #define HAVE_INTTYPES_H 1
| #define HAVE_STDINT_H 1
| #define HAVE_UNISTD_H 1
| #define HAVE_DLFCN_H 1
| #define LT_OBJDIR ".libs/"
| #define PACKAGE "tesseract"
| #define VERSION "3.02.02"
| #define STDC_HEADERS 1
| #define TIME_WITH_SYS_TIME 1
| #define HAVE_SYS_WAIT_H 1
| #define HAVE_SYS_IPC_H 1
| #define HAVE_SYS_SHM_H 1
| #define HAVE_LIMITS_H 1
| #define HAVE_MALLOC_H 1
| #define HAVE_STDBOOL_H 1
| #define HAVE_WCHAR_T 1
| #define HAVE_LONG_LONG_INT 1
| #define HAVE_MBSTATE_T 1
| #define HAVE_STDLIB_H 1
| #define HAVE_UNISTD_H 1
| #define HAVE_GETPAGESIZE 1
| #define HAVE_MMAP 1
| /* end confdefs.h.  */
| #include <vfork.h>
configure:18598: result: no
configure:18631: checking for vfork.h
configure:18640: result: no
configure:18660: checking for fork
configure:18716: g++ -o conftest -g -O2   conftest.cpp -lpthread  >&5
configure:18723: $? = 0
configure:18745: result: yes
configure:18660: checking for vfork
configure:18716: g++ -o conftest -g -O2   conftest.cpp -lpthread  >&5
configure:18723: $? = 0
configure:18745: result: yes
configure:18758: checking for working fork
configure:18790: g++ -o conftest -g -O2   conftest.cpp -lpthread  >&5
configure:18794: $? = 0
configure:18800: ./conftest
configure:18804: $? = 0
configure:18821: result: yes
configure:18842: checking for working vfork
configure:18983: result: yes
configure:19019: checking for strerror
configure:19075: g++ -o conftest -g -O2   conftest.cpp -lpthread  >&5
configure:19082: $? = 0
configure:19104: result: yes
configure:19019: checking for vsnprintf
configure:19075: g++ -o conftest -g -O2   conftest.cpp -lpthread  >&5
configure:19082: $? = 0
configure:19104: result: yes
configure:19120: checking for gethostname
configure:19176: g++ -o conftest -g -O2   conftest.cpp -lpthread  >&5
configure:19183: $? = 0
configure:19205: result: yes
configure:19222: checking for strchr
configure:19278: g++ -o conftest -g -O2   conftest.cpp -lpthread  >&5
configure:19285: $? = 0
configure:19307: result: yes
configure:19222: checking for memcpy
configure:19278: g++ -o conftest -g -O2   conftest.cpp -lpthread  >&5
configure:19285: $? = 0
configure:19307: result: yes
configure:19324: checking for acos
configure:19380: g++ -o conftest -g -O2   conftest.cpp -lpthread  >&5
configure:19387: $? = 0
configure:19409: result: yes
configure:19324: checking for asin
configure:19380: g++ -o conftest -g -O2   conftest.cpp -lpthread  >&5
configure:19387: $? = 0
configure:19409: result: yes
configure:19427: checking for leptonica
configure:19446: result: yes
configure:19449: checking for pixCreate in -llept
configure:19484: g++ -o conftest -g -O2  -I/usr/local/include/leptonica  conftest.cpp -llept  -lpthread  >&5
configure:19491: $? = 0
configure:19512: result: yes
configure:19806: creating ./config.status

## ---------------------- ##
## Running config.status. ##
## ---------------------- ##

This file was extended by tesseract config.status 3.02.02, which was
generated by GNU Autoconf 2.63.  Invocation command line was

  CONFIG_FILES    = 
  CONFIG_HEADERS  = 
  CONFIG_LINKS    = 
  CONFIG_COMMANDS = 
  $ ./config.status 

on host-133-130-106-179

config.status:1130: creating Makefile
config.status:1130: creating tesseract.pc
config.status:1130: creating api/Makefile
config.status:1130: creating ccmain/Makefile
config.status:1130: creating ccstruct/Makefile
config.status:1130: creating ccutil/Makefile
config.status:1130: creating classify/Makefile
config.status:1130: creating cube/Makefile
config.status:1130: creating cutil/Makefile
config.status:1130: creating dict/Makefile
config.status:1130: creating image/Makefile
config.status:1130: creating neural_networks/runtime/Makefile
config.status:1130: creating textord/Makefile
config.status:1130: creating viewer/Makefile
config.status:1130: creating wordrec/Makefile
config.status:1130: creating training/Makefile
config.status:1130: creating tessdata/Makefile
config.status:1130: creating tessdata/configs/Makefile
config.status:1130: creating tessdata/tessconfigs/Makefile
config.status:1130: creating testing/Makefile
config.status:1130: creating java/Makefile
config.status:1130: creating java/com/Makefile
config.status:1130: creating java/com/google/Makefile
config.status:1130: creating java/com/google/scrollview/Makefile
config.status:1130: creating java/com/google/scrollview/events/Makefile
config.status:1130: creating java/com/google/scrollview/ui/Makefile
config.status:1130: creating doc/Makefile
config.status:1130: creating config_auto.h
config.status:1404: executing libtool commands
config.status:1404: executing depfiles commands

## ---------------- ##
## Cache variables. ##
## ---------------- ##

ac_cv_build=x86_64-unknown-linux-gnu
ac_cv_c_bigendian=no
ac_cv_c_compiler_gnu=yes
ac_cv_cxx_compiler_gnu=yes
ac_cv_env_CCC_set=
ac_cv_env_CCC_value=
ac_cv_env_CC_set=
ac_cv_env_CC_value=
ac_cv_env_CFLAGS_set=
ac_cv_env_CFLAGS_value=
ac_cv_env_CPPFLAGS_set=
ac_cv_env_CPPFLAGS_value=
ac_cv_env_CPP_set=
ac_cv_env_CPP_value=
ac_cv_env_CXXCPP_set=
ac_cv_env_CXXCPP_value=
ac_cv_env_CXXFLAGS_set=
ac_cv_env_CXXFLAGS_value=
ac_cv_env_CXX_set=
ac_cv_env_CXX_value=
ac_cv_env_LDFLAGS_set=
ac_cv_env_LDFLAGS_value=
ac_cv_env_LIBLEPT_HEADERSDIR_set=
ac_cv_env_LIBLEPT_HEADERSDIR_value=
ac_cv_env_LIBS_set=
ac_cv_env_LIBS_value=
ac_cv_env_build_alias_set=
ac_cv_env_build_alias_value=
ac_cv_env_host_alias_set=
ac_cv_env_host_alias_value=
ac_cv_env_target_alias_set=
ac_cv_env_target_alias_value=
ac_cv_func_acos=yes
ac_cv_func_asin=yes
ac_cv_func_fork=yes
ac_cv_func_fork_works=yes
ac_cv_func_gethostname=yes
ac_cv_func_getpagesize=yes
ac_cv_func_memcpy=yes
ac_cv_func_mmap_fixed_mapped=yes
ac_cv_func_strchr=yes
ac_cv_func_strerror=yes
ac_cv_func_vfork=yes
ac_cv_func_vfork_works=yes
ac_cv_func_vsnprintf=yes
ac_cv_header_allheaders_h=no
ac_cv_header_dlfcn_h=yes
ac_cv_header_inttypes_h=yes
ac_cv_header_limits_h=yes
ac_cv_header_malloc_h=yes
ac_cv_header_memory_h=yes
ac_cv_header_stdbool_h=yes
ac_cv_header_stdc=yes
ac_cv_header_stdint_h=yes
ac_cv_header_stdlib_h=yes
ac_cv_header_string_h=yes
ac_cv_header_strings_h=yes
ac_cv_header_sys_ipc_h=yes
ac_cv_header_sys_shm_h=yes
ac_cv_header_sys_stat_h=yes
ac_cv_header_sys_types_h=yes
ac_cv_header_sys_wait_h=yes
ac_cv_header_time=yes
ac_cv_header_unistd_h=yes
ac_cv_header_vfork_h=no
ac_cv_host=x86_64-unknown-linux-gnu
ac_cv_lib_lept_pixCreate=yes
ac_cv_objext=o
ac_cv_path_EGREP='/bin/grep -E'
ac_cv_path_FGREP='/bin/grep -F'
ac_cv_path_GREP=/bin/grep
ac_cv_path_SED=/bin/sed
ac_cv_path_install='/usr/bin/install -c'
ac_cv_path_mkdir=/bin/mkdir
ac_cv_prog_AWK=gawk
ac_cv_prog_CPP='gcc -E'
ac_cv_prog_CXXCPP='g++ -E'
ac_cv_prog_ac_ct_AR=ar
ac_cv_prog_ac_ct_CC=gcc
ac_cv_prog_ac_ct_CXX=g++
ac_cv_prog_ac_ct_OBJDUMP=objdump
ac_cv_prog_ac_ct_RANLIB=ranlib
ac_cv_prog_ac_ct_STRIP=strip
ac_cv_prog_cc_c89=
ac_cv_prog_cc_g=yes
ac_cv_prog_cxx_g=yes
ac_cv_prog_make_make_set=yes
ac_cv_search_sem_init=-lpthread
ac_cv_sys_file_offset_bits=no
ac_cv_sys_interpreter=yes
ac_cv_sys_largefile_CC=no
ac_cv_type__Bool=no
ac_cv_type_long_long_int=yes
ac_cv_type_mbstate_t=yes
ac_cv_type_pid_t=yes
ac_cv_type_size_t=yes
ac_cv_type_wchar_t=yes
am_cv_CC_dependencies_compiler_type=gcc3
am_cv_CXX_dependencies_compiler_type=gcc3
lt_cv_deplibs_check_method=pass_all
lt_cv_file_magic_cmd='$MAGIC_CMD'
lt_cv_file_magic_test_file=
lt_cv_ld_reload_flag=-r
lt_cv_nm_interface='BSD nm'
lt_cv_objdir=.libs
lt_cv_path_LD=/usr/bin/ld
lt_cv_path_LDCXX='/usr/bin/ld -m elf_x86_64'
lt_cv_path_NM='/usr/bin/nm -B'
lt_cv_prog_compiler_c_o=yes
lt_cv_prog_compiler_c_o_CXX=yes
lt_cv_prog_compiler_pic_works=yes
lt_cv_prog_compiler_pic_works_CXX=yes
lt_cv_prog_compiler_rtti_exceptions=no
lt_cv_prog_compiler_static_works=no
lt_cv_prog_compiler_static_works_CXX=no
lt_cv_prog_gnu_ld=yes
lt_cv_prog_gnu_ldcxx=yes
lt_cv_sys_global_symbol_pipe='sed -n -e '\''s/^.*[	 ]\([ABCDGIRSTW][ABCDGIRSTW]*\)[	 ][	 ]*\([_A-Za-z][_A-Za-z0-9]*\)$/\1 \2 \2/p'\'''
lt_cv_sys_global_symbol_to_c_name_address='sed -n -e '\''s/^: \([^ ]*\) $/  {\"\1\", (void *) 0},/p'\'' -e '\''s/^[ABCDGIRSTW]* \([^ ]*\) \([^ ]*\)$/  {"\2", (void *) \&\2},/p'\'''
lt_cv_sys_global_symbol_to_c_name_address_lib_prefix='sed -n -e '\''s/^: \([^ ]*\) $/  {\"\1\", (void *) 0},/p'\'' -e '\''s/^[ABCDGIRSTW]* \([^ ]*\) \(lib[^ ]*\)$/  {"\2", (void *) \&\2},/p'\'' -e '\''s/^[ABCDGIRSTW]* \([^ ]*\) \([^ ]*\)$/  {"lib\2", (void *) \&\2},/p'\'''
lt_cv_sys_global_symbol_to_cdecl='sed -n -e '\''s/^T .* \(.*\)$/extern int \1();/p'\'' -e '\''s/^[ABCDGIRSTW]* .* \(.*\)$/extern char \1;/p'\'''
lt_cv_sys_max_cmd_len=1966080

## ----------------- ##
## Output variables. ##
## ----------------- ##

ACLOCAL='${SHELL} /DMA/AmazonPrice/img/tesseract-3.02.02/config/missing --run aclocal-1.11'
AMDEPBACKSLASH='\'
AMDEP_FALSE='#'
AMDEP_TRUE=''
AMTAR='${SHELL} /DMA/AmazonPrice/img/tesseract-3.02.02/config/missing --run tar'
AM_CPPFLAGS=' -O3 -DNDEBUG'
AM_LDFLAGS=''
AR='ar'
AUTOCONF='${SHELL} /DMA/AmazonPrice/img/tesseract-3.02.02/config/missing --run autoconf'
AUTOHEADER='${SHELL} /DMA/AmazonPrice/img/tesseract-3.02.02/config/missing --run autoheader'
AUTOMAKE='${SHELL} /DMA/AmazonPrice/img/tesseract-3.02.02/config/missing --run automake-1.11'
AWK='gawk'
CC='gcc'
CCDEPMODE='depmode=gcc3'
CFLAGS='-g -O2'
CPP='gcc -E'
CPPFLAGS=' -I/usr/local/include/leptonica'
CXX='g++'
CXXCPP='g++ -E'
CXXDEPMODE='depmode=gcc3'
CXXFLAGS='-g -O2'
CYGPATH_W='echo'
DEFS='-DHAVE_CONFIG_H'
DEPDIR='.deps'
DSYMUTIL=''
DUMPBIN=''
ECHO_C=''
ECHO_N='-n'
ECHO_T=''
EGREP='/bin/grep -E'
EMBEDDED_FALSE=''
EMBEDDED_TRUE='#'
EXEEXT=''
FGREP='/bin/grep -F'
GENERIC_API_VERSION='3.2'
GENERIC_LIBRARY_NAME='tesseract'
GENERIC_LIBRARY_VERSION='3:2'
GENERIC_MAJOR_VERSION='3'
GENERIC_RELEASE='3.2'
GENERIC_VERSION='3.2.2'
GRAPHICS_DISABLED_FALSE=''
GRAPHICS_DISABLED_TRUE='#'
GREP='/bin/grep'
INSTALL_DATA='${INSTALL} -m 644'
INSTALL_PROGRAM='${INSTALL}'
INSTALL_SCRIPT='${INSTALL}'
INSTALL_STRIP_PROGRAM='$(install_sh) -c -s'
LD='/usr/bin/ld -m elf_x86_64'
LDFLAGS=''
LIBLEPT_HEADERSDIR='/usr/local/include /usr/include'
LIBOBJS=''
LIBS='-llept -lpthread '
LIBTOOL='$(SHELL) $(top_builddir)/libtool'
LIPO=''
LN_S='ln -s'
LTLIBOBJS=''
MAINT='#'
MAINTAINER_MODE_FALSE=''
MAINTAINER_MODE_TRUE='#'
MAKEINFO='${SHELL} /DMA/AmazonPrice/img/tesseract-3.02.02/config/missing --run makeinfo'
MINGW_FALSE=''
MINGW_TRUE='#'
MKDIR_P='/bin/mkdir -p'
NM='/usr/bin/nm -B'
NMEDIT=''
NO_TESSDATA_PREFIX_FALSE=''
NO_TESSDATA_PREFIX_TRUE='#'
OBJDUMP='objdump'
OBJEXT='o'
OTOOL64=''
OTOOL=''
PACKAGE='tesseract'
PACKAGE_BUGREPORT='http://code.google.com/p/tesseract-ocr/issues/list'
PACKAGE_DATE='10/23'
PACKAGE_NAME='tesseract'
PACKAGE_STRING='tesseract 3.02.02'
PACKAGE_TARNAME='tesseract'
PACKAGE_VERSION='3.02.02'
PACKAGE_YEAR='2012'
PATH_SEPARATOR=':'
RANLIB='ranlib'
SED='/bin/sed'
SET_MAKE=''
SHELL='/bin/sh'
STRIP='strip'
USING_CL_FALSE=''
USING_CL_TRUE='#'
USING_MULTIPLELIBS_FALSE=''
USING_MULTIPLELIBS_TRUE='#'
VERSION='3.02.02'
VISIBILITY_FALSE=''
VISIBILITY_TRUE='#'
ac_ct_CC='gcc'
ac_ct_CXX='g++'
ac_ct_DUMPBIN=''
am__EXEEXT_FALSE=''
am__EXEEXT_TRUE='#'
am__fastdepCC_FALSE='#'
am__fastdepCC_TRUE=''
am__fastdepCXX_FALSE='#'
am__fastdepCXX_TRUE=''
am__include='include'
am__isrc=''
am__leading_dot='.'
am__quote=''
am__tar='${AMTAR} chof - "$$tardir"'
am__untar='${AMTAR} xf -'
bindir='${exec_prefix}/bin'
build='x86_64-unknown-linux-gnu'
build_alias=''
build_cpu='x86_64'
build_os='linux-gnu'
build_vendor='unknown'
datadir='${datarootdir}'
datarootdir='${prefix}/share'
docdir='${datarootdir}/doc/${PACKAGE_TARNAME}'
dvidir='${docdir}'
exec_prefix='${prefix}'
host='x86_64-unknown-linux-gnu'
host_alias=''
host_cpu='x86_64'
host_os='linux-gnu'
host_vendor='unknown'
htmldir='${docdir}'
includedir='${prefix}/include/tesseract'
infodir='${datarootdir}/info'
install_sh='${SHELL} /DMA/AmazonPrice/img/tesseract-3.02.02/config/install-sh'
libdir='${exec_prefix}/lib'
libexecdir='${exec_prefix}/libexec'
localedir='${datarootdir}/locale'
localstatedir='${prefix}/var'
lt_ECHO='echo'
mandir='${datarootdir}/man'
mkdir_p='/bin/mkdir -p'
oldincludedir='/usr/include'
pdfdir='${docdir}'
prefix='/usr/local'
program_transform_name='s,x,x,'
psdir='${docdir}'
sbindir='${exec_prefix}/sbin'
sharedstatedir='${prefix}/com'
sysconfdir='${prefix}/etc'
target_alias=''

## ----------- ##
## confdefs.h. ##
## ----------- ##

#define PACKAGE_NAME "tesseract"
#define PACKAGE_TARNAME "tesseract"
#define PACKAGE_VERSION "3.02.02"
#define PACKAGE_STRING "tesseract 3.02.02"
#define PACKAGE_BUGREPORT "http://code.google.com/p/tesseract-ocr/issues/list"
#define PACKAGE_NAME "tesseract"
#define PACKAGE_VERSION "3.02.02"
#define PACKAGE_YEAR "2012"
#define PACKAGE_DATE "10/23"
#define STDC_HEADERS 1
#define HAVE_SYS_TYPES_H 1
#define HAVE_SYS_STAT_H 1
#define HAVE_STDLIB_H 1
#define HAVE_STRING_H 1
#define HAVE_MEMORY_H 1
#define HAVE_STRINGS_H 1
#define HAVE_INTTYPES_H 1
#define HAVE_STDINT_H 1
#define HAVE_UNISTD_H 1
#define HAVE_DLFCN_H 1
#define LT_OBJDIR ".libs/"
#define PACKAGE "tesseract"
#define VERSION "3.02.02"
#define STDC_HEADERS 1
#define TIME_WITH_SYS_TIME 1
#define HAVE_SYS_WAIT_H 1
#define HAVE_SYS_IPC_H 1
#define HAVE_SYS_SHM_H 1
#define HAVE_LIMITS_H 1
#define HAVE_MALLOC_H 1
#define HAVE_STDBOOL_H 1
#define HAVE_WCHAR_T 1
#define HAVE_LONG_LONG_INT 1
#define HAVE_MBSTATE_T 1
#define HAVE_STDLIB_H 1
#define HAVE_UNISTD_H 1
#define HAVE_GETPAGESIZE 1
#define HAVE_MMAP 1
#define HAVE_FORK 1
#define HAVE_VFORK 1
#define HAVE_WORKING_VFORK 1
#define HAVE_WORKING_FORK 1
#define HAVE_STRERROR 1
#define HAVE_VSNPRINTF 1
#define HAVE_GETHOSTNAME 1
#define HAVE_STRCHR 1
#define HAVE_MEMCPY 1
#define HAVE_ACOS 1
#define HAVE_ASIN 1
#define HAVE_LIBLEPT 1

configure: exit 0
