This file contains any messages produced by compilers while
running configure, to aid debugging if configure makes a mistake.

It was created by leptonica configure 1.71, which was
generated by GNU Autoconf 2.68.  Invocation command line was

  $ ./configure 

## --------- ##
## Platform. ##
## --------- ##

hostname = host-133-130-106-179
uname -m = x86_64
uname -r = 2.6.32-504.16.2.el6.x86_64
uname -s = Linux
uname -v = #1 SMP Wed Apr 22 06:48:29 UTC 2015

/usr/bin/uname -p = unknown
/bin/uname -X     = unknown

/bin/arch              = x86_64
/usr/bin/arch -k       = unknown
/usr/convex/getsysinfo = unknown
/usr/bin/hostinfo      = unknown
/bin/machine           = unknown
/usr/bin/oslevel       = unknown
/bin/universe          = unknown

PATH: /root/.opam/system/bin
PATH: /usr/local/sbin
PATH: /usr/local/bin
PATH: /sbin
PATH: /bin
PATH: /usr/sbin
PATH: /usr/bin
PATH: /root/vultr/bin
PATH: /root/.opam/system/bin
PATH: /root/bin


## ----------- ##
## Core tests. ##
## ----------- ##

configure:2237: checking build system type
configure:2251: result: x86_64-unknown-linux-gnu
configure:2271: checking host system type
configure:2284: result: x86_64-unknown-linux-gnu
configure:2325: checking how to print strings
configure:2352: result: printf
configure:2421: checking for gcc
configure:2437: found /usr/bin/gcc
configure:2448: result: gcc
configure:2677: checking for C compiler version
configure:2686: gcc --version >&5
gcc (GCC) 4.4.7 20120313 (Red Hat 4.4.7-16)
Copyright (C) 2010 Free Software Foundation, Inc.
This is free software; see the source for copying conditions.  There is NO
warranty; not even for MERCHANTABILITY or FITNESS FOR A PARTICULAR PURPOSE.

configure:2697: $? = 0
configure:2686: gcc -v >&5
Using built-in specs.
Target: x86_64-redhat-linux
Configured with: ../configure --prefix=/usr --mandir=/usr/share/man --infodir=/usr/share/info --with-bugurl=http://bugzilla.redhat.com/bugzilla --enable-bootstrap --enable-shared --enable-threads=posix --enable-checking=release --with-system-zlib --enable-__cxa_atexit --disable-libunwind-exceptions --enable-gnu-unique-object --enable-languages=c,c++,objc,obj-c++,java,fortran,ada --enable-java-awt=gtk --disable-dssi --with-java-home=/usr/lib/jvm/java-1.5.0-gcj-1.5.0.0/jre --enable-libgcj-multifile --enable-java-maintainer-mode --with-ecj-jar=/usr/share/java/eclipse-ecj.jar --disable-libjava-multilib --with-ppl --with-cloog --with-tune=generic --with-arch_32=i686 --build=x86_64-redhat-linux
Thread model: posix
gcc version 4.4.7 20120313 (Red Hat 4.4.7-16) (GCC) 
configure:2697: $? = 0
configure:2686: gcc -V >&5
gcc: '-V' option must have argument
configure:2697: $? = 1
configure:2686: gcc -qversion >&5
gcc: unrecognized option '-qversion'
gcc: no input files
configure:2697: $? = 1
configure:2717: checking whether the C compiler works
configure:2739: gcc    conftest.c  >&5
configure:2743: $? = 0
configure:2791: result: yes
configure:2794: checking for C compiler default output file name
configure:2796: result: a.out
configure:2802: checking for suffix of executables
configure:2809: gcc -o conftest    conftest.c  >&5
configure:2813: $? = 0
configure:2835: result: 
configure:2857: checking whether we are cross compiling
configure:2865: gcc -o conftest    conftest.c  >&5
configure:2869: $? = 0
configure:2876: ./conftest
configure:2880: $? = 0
configure:2895: result: no
configure:2900: checking for suffix of object files
configure:2922: gcc -c   conftest.c >&5
configure:2926: $? = 0
configure:2947: result: o
configure:2951: checking whether we are using the GNU C compiler
configure:2970: gcc -c   conftest.c >&5
configure:2970: $? = 0
configure:2979: result: yes
configure:2988: checking whether gcc accepts -g
configure:3008: gcc -c -g  conftest.c >&5
configure:3008: $? = 0
configure:3049: result: yes
configure:3066: checking for gcc option to accept ISO C89
configure:3130: gcc  -c -g -O2  conftest.c >&5
configure:3130: $? = 0
configure:3143: result: none needed
configure:3163: checking for a sed that does not truncate output
configure:3227: result: /bin/sed
configure:3245: checking for grep that handles long lines and -e
configure:3303: result: /bin/grep
configure:3308: checking for egrep
configure:3370: result: /bin/grep -E
configure:3375: checking for fgrep
configure:3437: result: /bin/grep -F
configure:3472: checking for ld used by gcc
configure:3539: result: /usr/bin/ld
configure:3546: checking if the linker (/usr/bin/ld) is GNU ld
configure:3561: result: yes
configure:3573: checking for BSD- or MS-compatible name lister (nm)
configure:3622: result: /usr/bin/nm -B
configure:3752: checking the name lister (/usr/bin/nm -B) interface
configure:3759: gcc -c -g -O2  conftest.c >&5
configure:3762: /usr/bin/nm -B "conftest.o"
configure:3765: output
0000000000000000 B some_variable
configure:3772: result: BSD nm
configure:3775: checking whether ln -s works
configure:3779: result: yes
configure:3787: checking the maximum length of command line arguments
configure:3917: result: 1966080
configure:3934: checking whether the shell understands some XSI constructs
configure:3944: result: yes
configure:3948: checking whether the shell understands "+="
configure:3954: result: yes
configure:3989: checking how to convert x86_64-unknown-linux-gnu file names to x86_64-unknown-linux-gnu format
configure:4029: result: func_convert_file_noop
configure:4036: checking how to convert x86_64-unknown-linux-gnu file names to toolchain format
configure:4056: result: func_convert_file_noop
configure:4063: checking for /usr/bin/ld option to reload object files
configure:4070: result: -r
configure:4144: checking for objdump
configure:4160: found /usr/bin/objdump
configure:4171: result: objdump
configure:4203: checking how to recognize dependent libraries
configure:4405: result: pass_all
configure:4490: checking for dlltool
configure:4520: result: no
configure:4550: checking how to associate runtime and link libraries
configure:4577: result: printf %s\n
configure:4638: checking for ar
configure:4654: found /usr/bin/ar
configure:4665: result: ar
configure:4702: checking for archiver @FILE support
configure:4719: gcc -c -g -O2  conftest.c >&5
configure:4719: $? = 0
configure:4722: ar cru libconftest.a @conftest.lst >&5
configure:4725: $? = 0
configure:4730: ar cru libconftest.a @conftest.lst >&5
ar: conftest.o: No such file or directory
configure:4733: $? = 1
configure:4745: result: @
configure:4803: checking for strip
configure:4819: found /usr/bin/strip
configure:4830: result: strip
configure:4902: checking for ranlib
configure:4918: found /usr/bin/ranlib
configure:4929: result: ranlib
configure:5006: checking for gawk
configure:5022: found /bin/gawk
configure:5033: result: gawk
configure:5073: checking command to parse /usr/bin/nm -B output from gcc object
configure:5193: gcc -c -g -O2  conftest.c >&5
configure:5196: $? = 0
configure:5200: /usr/bin/nm -B conftest.o \| sed -n -e 's/^.*[ ]\([ABCDGIRSTW][ABCDGIRSTW]*\)[ ][ ]*\([_A-Za-z][_A-Za-z0-9]*\)$/\1 \2 \2/p' | sed '/ __gnu_lto/d' \> conftest.nm
configure:5203: $? = 0
configure:5269: gcc -o conftest -g -O2   conftest.c conftstm.o >&5
configure:5272: $? = 0
configure:5310: result: ok
configure:5347: checking for sysroot
configure:5377: result: no
configure:5454: gcc -c -g -O2  conftest.c >&5
configure:5457: $? = 0
configure:5633: checking for mt
configure:5663: result: no
configure:5683: checking if : is a manifest tool
configure:5689: : '-?'
configure:5697: result: no
configure:6339: checking how to run the C preprocessor
configure:6370: gcc -E  conftest.c
configure:6370: $? = 0
configure:6384: gcc -E  conftest.c
conftest.c:9:28: error: ac_nonexistent.h: No such file or directory
configure:6384: $? = 1
configure: failed program was:
| /* confdefs.h */
| #define PACKAGE_NAME "leptonica"
| #define PACKAGE_TARNAME "leptonica"
| #define PACKAGE_VERSION "1.71"
| #define PACKAGE_STRING "leptonica 1.71"
| #define PACKAGE_BUGREPORT ""
| #define PACKAGE_URL ""
| /* end confdefs.h.  */
| #include <ac_nonexistent.h>
configure:6409: result: gcc -E
configure:6429: gcc -E  conftest.c
configure:6429: $? = 0
configure:6443: gcc -E  conftest.c
conftest.c:9:28: error: ac_nonexistent.h: No such file or directory
configure:6443: $? = 1
configure: failed program was:
| /* confdefs.h */
| #define PACKAGE_NAME "leptonica"
| #define PACKAGE_TARNAME "leptonica"
| #define PACKAGE_VERSION "1.71"
| #define PACKAGE_STRING "leptonica 1.71"
| #define PACKAGE_BUGREPORT ""
| #define PACKAGE_URL ""
| /* end confdefs.h.  */
| #include <ac_nonexistent.h>
configure:6472: checking for ANSI C header files
configure:6492: gcc -c -g -O2  conftest.c >&5
configure:6492: $? = 0
configure:6565: gcc -o conftest -g -O2   conftest.c  >&5
configure:6565: $? = 0
configure:6565: ./conftest
configure:6565: $? = 0
configure:6576: result: yes
configure:6589: checking for sys/types.h
configure:6589: gcc -c -g -O2  conftest.c >&5
configure:6589: $? = 0
configure:6589: result: yes
configure:6589: checking for sys/stat.h
configure:6589: gcc -c -g -O2  conftest.c >&5
configure:6589: $? = 0
configure:6589: result: yes
configure:6589: checking for stdlib.h
configure:6589: gcc -c -g -O2  conftest.c >&5
configure:6589: $? = 0
configure:6589: result: yes
configure:6589: checking for string.h
configure:6589: gcc -c -g -O2  conftest.c >&5
configure:6589: $? = 0
configure:6589: result: yes
configure:6589: checking for memory.h
configure:6589: gcc -c -g -O2  conftest.c >&5
configure:6589: $? = 0
configure:6589: result: yes
configure:6589: checking for strings.h
configure:6589: gcc -c -g -O2  conftest.c >&5
configure:6589: $? = 0
configure:6589: result: yes
configure:6589: checking for inttypes.h
configure:6589: gcc -c -g -O2  conftest.c >&5
configure:6589: $? = 0
configure:6589: result: yes
configure:6589: checking for stdint.h
configure:6589: gcc -c -g -O2  conftest.c >&5
configure:6589: $? = 0
configure:6589: result: yes
configure:6589: checking for unistd.h
configure:6589: gcc -c -g -O2  conftest.c >&5
configure:6589: $? = 0
configure:6589: result: yes
configure:6603: checking for dlfcn.h
configure:6603: gcc -c -g -O2  conftest.c >&5
configure:6603: $? = 0
configure:6603: result: yes
configure:6809: checking for objdir
configure:6824: result: .libs
configure:7091: checking if gcc supports -fno-rtti -fno-exceptions
configure:7109: gcc -c -g -O2  -fno-rtti -fno-exceptions conftest.c >&5
cc1: warning: command line option "-fno-rtti" is valid for C++/ObjC++ but not for C
configure:7113: $? = 0
configure:7126: result: no
configure:7453: checking for gcc option to produce PIC
configure:7460: result: -fPIC -DPIC
configure:7468: checking if gcc PIC flag -fPIC -DPIC works
configure:7486: gcc -c -g -O2  -fPIC -DPIC -DPIC conftest.c >&5
configure:7490: $? = 0
configure:7503: result: yes
configure:7532: checking if gcc static flag -static works
configure:7560: result: no
configure:7575: checking if gcc supports -c -o file.o
configure:7596: gcc -c -g -O2  -o out/conftest2.o conftest.c >&5
configure:7600: $? = 0
configure:7622: result: yes
configure:7630: checking if gcc supports -c -o file.o
configure:7677: result: yes
configure:7710: checking whether the gcc linker (/usr/bin/ld -m elf_x86_64) supports shared libraries
configure:8867: result: yes
configure:8904: checking whether -lc should be explicitly linked in
configure:8912: gcc -c -g -O2  conftest.c >&5
configure:8915: $? = 0
configure:8930: gcc -shared  -fPIC -DPIC conftest.o  -v -Wl,-soname -Wl,conftest -o conftest 2\>\&1 \| /bin/grep  -lc  \>/dev/null 2\>\&1
configure:8933: $? = 0
configure:8947: result: no
configure:9107: checking dynamic linker characteristics
configure:9618: gcc -o conftest -g -O2   -Wl,-rpath -Wl,/foo conftest.c  >&5
configure:9618: $? = 0
configure:9852: result: GNU/Linux ld.so
configure:9959: checking how to hardcode library paths into programs
configure:9984: result: immediate
configure:10524: checking whether stripping libraries is possible
configure:10529: result: yes
configure:10564: checking if libtool supports shared libraries
configure:10566: result: yes
configure:10569: checking whether to build shared libraries
configure:10590: result: yes
configure:10593: checking whether to build static libraries
configure:10597: result: yes
configure:10651: checking for a BSD-compatible install
configure:10719: result: /usr/bin/install -c
configure:10730: checking whether build environment is sane
configure:10780: result: yes
configure:10921: checking for a thread-safe mkdir -p
configure:10960: result: /bin/mkdir -p
configure:10969: checking whether make sets $(MAKE)
configure:10991: result: yes
configure:11021: checking for style of include used by make
configure:11049: result: GNU
configure:11135: checking dependency style of gcc
configure:11246: result: gcc3
configure:11275: checking for gawk
configure:11302: result: gawk
configure:11361: checking for gcc
configure:11388: result: gcc
configure:11617: checking for C compiler version
configure:11626: gcc --version >&5
gcc (GCC) 4.4.7 20120313 (Red Hat 4.4.7-16)
Copyright (C) 2010 Free Software Foundation, Inc.
This is free software; see the source for copying conditions.  There is NO
warranty; not even for MERCHANTABILITY or FITNESS FOR A PARTICULAR PURPOSE.

configure:11637: $? = 0
configure:11626: gcc -v >&5
Using built-in specs.
Target: x86_64-redhat-linux
Configured with: ../configure --prefix=/usr --mandir=/usr/share/man --infodir=/usr/share/info --with-bugurl=http://bugzilla.redhat.com/bugzilla --enable-bootstrap --enable-shared --enable-threads=posix --enable-checking=release --with-system-zlib --enable-__cxa_atexit --disable-libunwind-exceptions --enable-gnu-unique-object --enable-languages=c,c++,objc,obj-c++,java,fortran,ada --enable-java-awt=gtk --disable-dssi --with-java-home=/usr/lib/jvm/java-1.5.0-gcj-1.5.0.0/jre --enable-libgcj-multifile --enable-java-maintainer-mode --with-ecj-jar=/usr/share/java/eclipse-ecj.jar --disable-libjava-multilib --with-ppl --with-cloog --with-tune=generic --with-arch_32=i686 --build=x86_64-redhat-linux
Thread model: posix
gcc version 4.4.7 20120313 (Red Hat 4.4.7-16) (GCC) 
configure:11637: $? = 0
configure:11626: gcc -V >&5
gcc: '-V' option must have argument
configure:11637: $? = 1
configure:11626: gcc -qversion >&5
gcc: unrecognized option '-qversion'
gcc: no input files
configure:11637: $? = 1
configure:11641: checking whether we are using the GNU C compiler
configure:11669: result: yes
configure:11678: checking whether gcc accepts -g
configure:11739: result: yes
configure:11756: checking for gcc option to accept ISO C89
configure:11833: result: none needed
configure:11858: checking how to run the C preprocessor
configure:11928: result: gcc -E
configure:11948: gcc -E  conftest.c
configure:11948: $? = 0
configure:11962: gcc -E  conftest.c
conftest.c:23:28: error: ac_nonexistent.h: No such file or directory
configure:11962: $? = 1
configure: failed program was:
| /* confdefs.h */
| #define PACKAGE_NAME "leptonica"
| #define PACKAGE_TARNAME "leptonica"
| #define PACKAGE_VERSION "1.71"
| #define PACKAGE_STRING "leptonica 1.71"
| #define PACKAGE_BUGREPORT ""
| #define PACKAGE_URL ""
| #define STDC_HEADERS 1
| #define HAVE_SYS_TYPES_H 1
| #define HAVE_SYS_STAT_H 1
| #define HAVE_STDLIB_H 1
| #define HAVE_STRING_H 1
| #define HAVE_MEMORY_H 1
| #define HAVE_STRINGS_H 1
| #define HAVE_INTTYPES_H 1
| #define HAVE_STDINT_H 1
| #define HAVE_UNISTD_H 1
| #define HAVE_DLFCN_H 1
| #define LT_OBJDIR ".libs/"
| #define PACKAGE "leptonica"
| #define VERSION "1.71"
| /* end confdefs.h.  */
| #include <ac_nonexistent.h>
configure:11992: checking whether ln -s works
configure:11996: result: yes
configure:12003: checking whether make sets $(MAKE)
configure:12025: result: yes
configure:12182: checking for cos in -lm
configure:12207: gcc -o conftest -g -O2   conftest.c -lm   >&5
conftest.c:30: warning: conflicting types for built-in function 'cos'
configure:12207: $? = 0
configure:12216: result: yes
configure:12228: checking for deflate in -lz
configure:12253: gcc -o conftest -g -O2   conftest.c -lz   >&5
configure:12253: $? = 0
configure:12262: result: yes
configure:12280: checking for png_read_png in -lpng
configure:12305: gcc -o conftest -g -O2   conftest.c -lpng   >&5
configure:12305: $? = 0
configure:12314: result: yes
configure:12332: checking for jpeg_read_scanlines in -ljpeg
configure:12357: gcc -o conftest -g -O2   conftest.c -ljpeg   >&5
configure:12357: $? = 0
configure:12366: result: yes
configure:12384: checking for DGifOpenFileHandle in -lgif
configure:12409: gcc -o conftest -g -O2   conftest.c -lgif   >&5
/usr/bin/ld: cannot find -lgif
collect2: ld returned 1 exit status
configure:12409: $? = 1
configure: failed program was:
| /* confdefs.h */
| #define PACKAGE_NAME "leptonica"
| #define PACKAGE_TARNAME "leptonica"
| #define PACKAGE_VERSION "1.71"
| #define PACKAGE_STRING "leptonica 1.71"
| #define PACKAGE_BUGREPORT ""
| #define PACKAGE_URL ""
| #define STDC_HEADERS 1
| #define HAVE_SYS_TYPES_H 1
| #define HAVE_SYS_STAT_H 1
| #define HAVE_STDLIB_H 1
| #define HAVE_STRING_H 1
| #define HAVE_MEMORY_H 1
| #define HAVE_STRINGS_H 1
| #define HAVE_INTTYPES_H 1
| #define HAVE_STDINT_H 1
| #define HAVE_UNISTD_H 1
| #define HAVE_DLFCN_H 1
| #define LT_OBJDIR ".libs/"
| #define PACKAGE "leptonica"
| #define VERSION "1.71"
| #define HAVE_LIBZ 1
| #define HAVE_LIBPNG 1
| #define HAVE_LIBJPEG 1
| /* end confdefs.h.  */
| 
| /* Override any GCC internal prototype to avoid an error.
|    Use char because int might match the return type of a GCC
|    builtin and then its argument prototype would still apply.  */
| #ifdef __cplusplus
| extern "C"
| #endif
| char DGifOpenFileHandle ();
| int
| main ()
| {
| return DGifOpenFileHandle ();
|   ;
|   return 0;
| }
configure:12418: result: no
configure:12436: checking for TIFFOpen in -ltiff
configure:12462: gcc -o conftest -g -O2   conftest.c -ltiff -lz -ljpeg
    >&5
/usr/bin/ld: cannot find -ltiff
collect2: ld returned 1 exit status
configure:12462: $? = 1
configure: failed program was:
| /* confdefs.h */
| #define PACKAGE_NAME "leptonica"
| #define PACKAGE_TARNAME "leptonica"
| #define PACKAGE_VERSION "1.71"
| #define PACKAGE_STRING "leptonica 1.71"
| #define PACKAGE_BUGREPORT ""
| #define PACKAGE_URL ""
| #define STDC_HEADERS 1
| #define HAVE_SYS_TYPES_H 1
| #define HAVE_SYS_STAT_H 1
| #define HAVE_STDLIB_H 1
| #define HAVE_STRING_H 1
| #define HAVE_MEMORY_H 1
| #define HAVE_STRINGS_H 1
| #define HAVE_INTTYPES_H 1
| #define HAVE_STDINT_H 1
| #define HAVE_UNISTD_H 1
| #define HAVE_DLFCN_H 1
| #define LT_OBJDIR ".libs/"
| #define PACKAGE "leptonica"
| #define VERSION "1.71"
| #define HAVE_LIBZ 1
| #define HAVE_LIBPNG 1
| #define HAVE_LIBJPEG 1
| /* end confdefs.h.  */
| 
| /* Override any GCC internal prototype to avoid an error.
|    Use char because int might match the return type of a GCC
|    builtin and then its argument prototype would still apply.  */
| #ifdef __cplusplus
| extern "C"
| #endif
| char TIFFOpen ();
| int
| main ()
| {
| return TIFFOpen ();
|   ;
|   return 0;
| }
configure:12471: result: no
configure:12488: checking for WebPGetInfo in -lwebp
configure:12513: gcc -o conftest -g -O2   conftest.c -lwebp   >&5
/usr/bin/ld: cannot find -lwebp
collect2: ld returned 1 exit status
configure:12513: $? = 1
configure: failed program was:
| /* confdefs.h */
| #define PACKAGE_NAME "leptonica"
| #define PACKAGE_TARNAME "leptonica"
| #define PACKAGE_VERSION "1.71"
| #define PACKAGE_STRING "leptonica 1.71"
| #define PACKAGE_BUGREPORT ""
| #define PACKAGE_URL ""
| #define STDC_HEADERS 1
| #define HAVE_SYS_TYPES_H 1
| #define HAVE_SYS_STAT_H 1
| #define HAVE_STDLIB_H 1
| #define HAVE_STRING_H 1
| #define HAVE_MEMORY_H 1
| #define HAVE_STRINGS_H 1
| #define HAVE_INTTYPES_H 1
| #define HAVE_STDINT_H 1
| #define HAVE_UNISTD_H 1
| #define HAVE_DLFCN_H 1
| #define LT_OBJDIR ".libs/"
| #define PACKAGE "leptonica"
| #define VERSION "1.71"
| #define HAVE_LIBZ 1
| #define HAVE_LIBPNG 1
| #define HAVE_LIBJPEG 1
| /* end confdefs.h.  */
| 
| /* Override any GCC internal prototype to avoid an error.
|    Use char because int might match the return type of a GCC
|    builtin and then its argument prototype would still apply.  */
| #ifdef __cplusplus
| extern "C"
| #endif
| char WebPGetInfo ();
| int
| main ()
| {
| return WebPGetInfo ();
|   ;
|   return 0;
| }
configure:12522: result: no
configure:12540: checking for opj_create_decompress in -lopenjp2
configure:12565: gcc -o conftest -g -O2   conftest.c -lopenjp2   >&5
/usr/bin/ld: cannot find -lopenjp2
collect2: ld returned 1 exit status
configure:12565: $? = 1
configure: failed program was:
| /* confdefs.h */
| #define PACKAGE_NAME "leptonica"
| #define PACKAGE_TARNAME "leptonica"
| #define PACKAGE_VERSION "1.71"
| #define PACKAGE_STRING "leptonica 1.71"
| #define PACKAGE_BUGREPORT ""
| #define PACKAGE_URL ""
| #define STDC_HEADERS 1
| #define HAVE_SYS_TYPES_H 1
| #define HAVE_SYS_STAT_H 1
| #define HAVE_STDLIB_H 1
| #define HAVE_STRING_H 1
| #define HAVE_MEMORY_H 1
| #define HAVE_STRINGS_H 1
| #define HAVE_INTTYPES_H 1
| #define HAVE_STDINT_H 1
| #define HAVE_UNISTD_H 1
| #define HAVE_DLFCN_H 1
| #define LT_OBJDIR ".libs/"
| #define PACKAGE "leptonica"
| #define VERSION "1.71"
| #define HAVE_LIBZ 1
| #define HAVE_LIBPNG 1
| #define HAVE_LIBJPEG 1
| /* end confdefs.h.  */
| 
| /* Override any GCC internal prototype to avoid an error.
|    Use char because int might match the return type of a GCC
|    builtin and then its argument prototype would still apply.  */
| #ifdef __cplusplus
| extern "C"
| #endif
| char opj_create_decompress ();
| int
| main ()
| {
| return opj_create_decompress ();
|   ;
|   return 0;
| }
configure:12574: result: no
configure:12608: checking whether make supports nested variables
configure:12625: result: yes
configure:12638: checking for size_t
configure:12638: gcc -c -g -O2  conftest.c >&5
configure:12638: $? = 0
configure:12638: gcc -c -g -O2  conftest.c >&5
conftest.c: In function 'main':
conftest.c:62: error: expected expression before ')' token
configure:12638: $? = 1
configure: failed program was:
| /* confdefs.h */
| #define PACKAGE_NAME "leptonica"
| #define PACKAGE_TARNAME "leptonica"
| #define PACKAGE_VERSION "1.71"
| #define PACKAGE_STRING "leptonica 1.71"
| #define PACKAGE_BUGREPORT ""
| #define PACKAGE_URL ""
| #define STDC_HEADERS 1
| #define HAVE_SYS_TYPES_H 1
| #define HAVE_SYS_STAT_H 1
| #define HAVE_STDLIB_H 1
| #define HAVE_STRING_H 1
| #define HAVE_MEMORY_H 1
| #define HAVE_STRINGS_H 1
| #define HAVE_INTTYPES_H 1
| #define HAVE_STDINT_H 1
| #define HAVE_UNISTD_H 1
| #define HAVE_DLFCN_H 1
| #define LT_OBJDIR ".libs/"
| #define PACKAGE "leptonica"
| #define VERSION "1.71"
| #define HAVE_LIBZ 1
| #define HAVE_LIBPNG 1
| #define HAVE_LIBJPEG 1
| /* end confdefs.h.  */
| #include <stdio.h>
| #ifdef HAVE_SYS_TYPES_H
| # include <sys/types.h>
| #endif
| #ifdef HAVE_SYS_STAT_H
| # include <sys/stat.h>
| #endif
| #ifdef STDC_HEADERS
| # include <stdlib.h>
| # include <stddef.h>
| #else
| # ifdef HAVE_STDLIB_H
| #  include <stdlib.h>
| # endif
| #endif
| #ifdef HAVE_STRING_H
| # if !defined STDC_HEADERS && defined HAVE_MEMORY_H
| #  include <memory.h>
| # endif
| # include <string.h>
| #endif
| #ifdef HAVE_STRINGS_H
| # include <strings.h>
| #endif
| #ifdef HAVE_INTTYPES_H
| # include <inttypes.h>
| #endif
| #ifdef HAVE_STDINT_H
| # include <stdint.h>
| #endif
| #ifdef HAVE_UNISTD_H
| # include <unistd.h>
| #endif
| int
| main ()
| {
| if (sizeof ((size_t)))
| 	    return 0;
|   ;
|   return 0;
| }
configure:12638: result: yes
configure:12649: checking whether byte ordering is bigendian
configure:12664: gcc -c -g -O2  conftest.c >&5
conftest.c:27: error: expected '=', ',', ';', 'asm' or '__attribute__' before 'a'
configure:12664: $? = 1
configure: failed program was:
| /* confdefs.h */
| #define PACKAGE_NAME "leptonica"
| #define PACKAGE_TARNAME "leptonica"
| #define PACKAGE_VERSION "1.71"
| #define PACKAGE_STRING "leptonica 1.71"
| #define PACKAGE_BUGREPORT ""
| #define PACKAGE_URL ""
| #define STDC_HEADERS 1
| #define HAVE_SYS_TYPES_H 1
| #define HAVE_SYS_STAT_H 1
| #define HAVE_STDLIB_H 1
| #define HAVE_STRING_H 1
| #define HAVE_MEMORY_H 1
| #define HAVE_STRINGS_H 1
| #define HAVE_INTTYPES_H 1
| #define HAVE_STDINT_H 1
| #define HAVE_UNISTD_H 1
| #define HAVE_DLFCN_H 1
| #define LT_OBJDIR ".libs/"
| #define PACKAGE "leptonica"
| #define VERSION "1.71"
| #define HAVE_LIBZ 1
| #define HAVE_LIBPNG 1
| #define HAVE_LIBJPEG 1
| /* end confdefs.h.  */
| #ifndef __APPLE_CC__
| 	       not a universal capable compiler
| 	     #endif
| 	     typedef int dummy;
| 
configure:12709: gcc -c -g -O2  conftest.c >&5
configure:12709: $? = 0
configure:12727: gcc -c -g -O2  conftest.c >&5
conftest.c: In function 'main':
conftest.c:33: error: 'not' undeclared (first use in this function)
conftest.c:33: error: (Each undeclared identifier is reported only once
conftest.c:33: error: for each function it appears in.)
conftest.c:33: error: expected ';' before 'big'
configure:12727: $? = 1
configure: failed program was:
| /* confdefs.h */
| #define PACKAGE_NAME "leptonica"
| #define PACKAGE_TARNAME "leptonica"
| #define PACKAGE_VERSION "1.71"
| #define PACKAGE_STRING "leptonica 1.71"
| #define PACKAGE_BUGREPORT ""
| #define PACKAGE_URL ""
| #define STDC_HEADERS 1
| #define HAVE_SYS_TYPES_H 1
| #define HAVE_SYS_STAT_H 1
| #define HAVE_STDLIB_H 1
| #define HAVE_STRING_H 1
| #define HAVE_MEMORY_H 1
| #define HAVE_STRINGS_H 1
| #define HAVE_INTTYPES_H 1
| #define HAVE_STDINT_H 1
| #define HAVE_UNISTD_H 1
| #define HAVE_DLFCN_H 1
| #define LT_OBJDIR ".libs/"
| #define PACKAGE "leptonica"
| #define VERSION "1.71"
| #define HAVE_LIBZ 1
| #define HAVE_LIBPNG 1
| #define HAVE_LIBJPEG 1
| /* end confdefs.h.  */
| #include <sys/types.h>
| 		#include <sys/param.h>
| 
| int
| main ()
| {
| #if BYTE_ORDER != BIG_ENDIAN
| 		 not big endian
| 		#endif
| 
|   ;
|   return 0;
| }
configure:12855: result: no
configure:12887: checking whether compiler supports -Wl,--as-needed
configure:12903: gcc -o conftest -g -O2  -Wl,--as-needed  conftest.c  >&5
configure:12903: $? = 0
configure:12904: result: yes
configure:12917: checking for fmemopen
configure:12917: gcc -o conftest -g -O2  -Wl,--as-needed  conftest.c  >&5
configure:12917: $? = 0
configure:12917: result: yes
configure:13064: creating ./config.status

## ---------------------- ##
## Running config.status. ##
## ---------------------- ##

This file was extended by leptonica config.status 1.71, which was
generated by GNU Autoconf 2.68.  Invocation command line was

  CONFIG_FILES    = 
  CONFIG_HEADERS  = 
  CONFIG_LINKS    = 
  CONFIG_COMMANDS = 
  $ ./config.status 

on host-133-130-106-179

config.status:1113: creating Makefile
config.status:1113: creating src/endianness.h
config.status:1113: creating src/Makefile
config.status:1113: creating prog/Makefile
config.status:1113: creating lept.pc
config.status:1113: creating config_auto.h
config.status:1342: executing libtool commands
config.status:1342: executing depfiles commands

## ---------------- ##
## Cache variables. ##
## ---------------- ##

ac_cv_build=x86_64-unknown-linux-gnu
ac_cv_c_bigendian=no
ac_cv_c_compiler_gnu=yes
ac_cv_env_CC_set=
ac_cv_env_CC_value=
ac_cv_env_CFLAGS_set=
ac_cv_env_CFLAGS_value=
ac_cv_env_CPPFLAGS_set=
ac_cv_env_CPPFLAGS_value=
ac_cv_env_CPP_set=
ac_cv_env_CPP_value=
ac_cv_env_LDFLAGS_set=
ac_cv_env_LDFLAGS_value=
ac_cv_env_LIBS_set=
ac_cv_env_LIBS_value=
ac_cv_env_build_alias_set=
ac_cv_env_build_alias_value=
ac_cv_env_host_alias_set=
ac_cv_env_host_alias_value=
ac_cv_env_target_alias_set=
ac_cv_env_target_alias_value=
ac_cv_func_fmemopen=yes
ac_cv_header_dlfcn_h=yes
ac_cv_header_inttypes_h=yes
ac_cv_header_memory_h=yes
ac_cv_header_stdc=yes
ac_cv_header_stdint_h=yes
ac_cv_header_stdlib_h=yes
ac_cv_header_string_h=yes
ac_cv_header_strings_h=yes
ac_cv_header_sys_stat_h=yes
ac_cv_header_sys_types_h=yes
ac_cv_header_unistd_h=yes
ac_cv_host=x86_64-unknown-linux-gnu
ac_cv_lib_gif_DGifOpenFileHandle=no
ac_cv_lib_jpeg_jpeg_read_scanlines=yes
ac_cv_lib_m_cos=yes
ac_cv_lib_openjp2_opj_create_decompress=no
ac_cv_lib_png_png_read_png=yes
ac_cv_lib_tiff_TIFFOpen=no
ac_cv_lib_webp_WebPGetInfo=no
ac_cv_lib_z_deflate=yes
ac_cv_objext=o
ac_cv_path_EGREP='/bin/grep -E'
ac_cv_path_FGREP='/bin/grep -F'
ac_cv_path_GREP=/bin/grep
ac_cv_path_SED=/bin/sed
ac_cv_path_install='/usr/bin/install -c'
ac_cv_path_mkdir=/bin/mkdir
ac_cv_prog_AWK=gawk
ac_cv_prog_CPP='gcc -E'
ac_cv_prog_ac_ct_AR=ar
ac_cv_prog_ac_ct_CC=gcc
ac_cv_prog_ac_ct_OBJDUMP=objdump
ac_cv_prog_ac_ct_RANLIB=ranlib
ac_cv_prog_ac_ct_STRIP=strip
ac_cv_prog_cc_c89=
ac_cv_prog_cc_g=yes
ac_cv_prog_make_make_set=yes
ac_cv_type_size_t=yes
am_cv_CC_dependencies_compiler_type=gcc3
am_cv_make_support_nested_variables=yes
lt_cv_ar_at_file=@
lt_cv_archive_cmds_need_lc=no
lt_cv_deplibs_check_method=pass_all
lt_cv_file_magic_cmd='$MAGIC_CMD'
lt_cv_file_magic_test_file=
lt_cv_ld_reload_flag=-r
lt_cv_nm_interface='BSD nm'
lt_cv_objdir=.libs
lt_cv_path_LD=/usr/bin/ld
lt_cv_path_NM='/usr/bin/nm -B'
lt_cv_path_mainfest_tool=no
lt_cv_prog_compiler_c_o=yes
lt_cv_prog_compiler_pic='-fPIC -DPIC'
lt_cv_prog_compiler_pic_works=yes
lt_cv_prog_compiler_rtti_exceptions=no
lt_cv_prog_compiler_static_works=no
lt_cv_prog_gnu_ld=yes
lt_cv_sharedlib_from_linklib_cmd='printf %s\n'
lt_cv_shlibpath_overrides_runpath=no
lt_cv_sys_global_symbol_pipe='sed -n -e '\''s/^.*[	 ]\([ABCDGIRSTW][ABCDGIRSTW]*\)[	 ][	 ]*\([_A-Za-z][_A-Za-z0-9]*\)$/\1 \2 \2/p'\'' | sed '\''/ __gnu_lto/d'\'''
lt_cv_sys_global_symbol_to_c_name_address='sed -n -e '\''s/^: \([^ ]*\)[ ]*$/  {\"\1\", (void *) 0},/p'\'' -e '\''s/^[ABCDGIRSTW]* \([^ ]*\) \([^ ]*\)$/  {"\2", (void *) \&\2},/p'\'''
lt_cv_sys_global_symbol_to_c_name_address_lib_prefix='sed -n -e '\''s/^: \([^ ]*\)[ ]*$/  {\"\1\", (void *) 0},/p'\'' -e '\''s/^[ABCDGIRSTW]* \([^ ]*\) \(lib[^ ]*\)$/  {"\2", (void *) \&\2},/p'\'' -e '\''s/^[ABCDGIRSTW]* \([^ ]*\) \([^ ]*\)$/  {"lib\2", (void *) \&\2},/p'\'''
lt_cv_sys_global_symbol_to_cdecl='sed -n -e '\''s/^T .* \(.*\)$/extern int \1();/p'\'' -e '\''s/^[ABCDGIRSTW]* .* \(.*\)$/extern char \1;/p'\'''
lt_cv_sys_max_cmd_len=1966080
lt_cv_to_host_file_cmd=func_convert_file_noop
lt_cv_to_tool_file_cmd=func_convert_file_noop

## ----------------- ##
## Output variables. ##
## ----------------- ##

ACLOCAL='${SHELL} /DMA/AmazonPrice/img/leptonica-1.71/config/missing --run aclocal-1.11'
AMDEPBACKSLASH='\'
AMDEP_FALSE='#'
AMDEP_TRUE=''
AMTAR='$${TAR-tar}'
AM_BACKSLASH='\'
AM_DEFAULT_V='$(AM_DEFAULT_VERBOSITY)'
AM_DEFAULT_VERBOSITY='0'
AM_V='$(V)'
APPLE_UNIVERSAL_BUILD='0'
AR='ar'
AUTOCONF='${SHELL} /DMA/AmazonPrice/img/leptonica-1.71/config/missing --run autoconf'
AUTOHEADER='${SHELL} /DMA/AmazonPrice/img/leptonica-1.71/config/missing --run autoheader'
AUTOMAKE='${SHELL} /DMA/AmazonPrice/img/leptonica-1.71/config/missing --run automake-1.11'
AWK='gawk'
CC='gcc'
CCDEPMODE='depmode=gcc3'
CFLAGS='-g -O2'
CPP='gcc -E'
CPPFLAGS=''
CYGPATH_W='echo'
DEFS='-DHAVE_CONFIG_H'
DEPDIR='.deps'
DLLTOOL='false'
DSYMUTIL=''
DUMPBIN=''
ECHO_C=''
ECHO_N='-n'
ECHO_T=''
EGREP='/bin/grep -E'
ENABLE_PROGRAMS_FALSE='#'
ENABLE_PROGRAMS_TRUE=''
ENDIANNESS='L_LITTLE_ENDIAN'
EXEEXT=''
FGREP='/bin/grep -F'
GDI_LIBS=''
GIFLIB_LIBS=''
GREP='/bin/grep'
INSTALL_DATA='${INSTALL} -m 644'
INSTALL_PROGRAM='${INSTALL}'
INSTALL_SCRIPT='${INSTALL}'
INSTALL_STRIP_PROGRAM='$(install_sh) -c -s'
JPEG_LIBS='-ljpeg'
LD='/usr/bin/ld -m elf_x86_64'
LDFLAGS='-Wl,--as-needed '
LIBJP2K_LIBS=''
LIBM='-lm'
LIBOBJS=''
LIBPNG_LIBS='-lpng'
LIBS=''
LIBTIFF_LIBS=''
LIBTOOL='$(SHELL) $(top_builddir)/libtool'
LIBWEBP_LIBS=''
LIPO=''
LN_S='ln -s'
LTLIBOBJS=''
MAKEINFO='${SHELL} /DMA/AmazonPrice/img/leptonica-1.71/config/missing --run makeinfo'
MANIFEST_TOOL=':'
MKDIR_P='/bin/mkdir -p'
NM='/usr/bin/nm -B'
NMEDIT=''
OBJDUMP='objdump'
OBJEXT='o'
OTOOL64=''
OTOOL=''
PACKAGE='leptonica'
PACKAGE_BUGREPORT=''
PACKAGE_NAME='leptonica'
PACKAGE_STRING='leptonica 1.71'
PACKAGE_TARNAME='leptonica'
PACKAGE_URL=''
PACKAGE_VERSION='1.71'
PATH_SEPARATOR=':'
RANLIB='ranlib'
SED='/bin/sed'
SET_MAKE=''
SHELL='/bin/sh'
STRIP='strip'
VERSION='1.71'
ZLIB_LIBS='-lz'
ac_ct_AR='ar'
ac_ct_CC='gcc'
ac_ct_DUMPBIN=''
am__EXEEXT_FALSE=''
am__EXEEXT_TRUE='#'
am__fastdepCC_FALSE='#'
am__fastdepCC_TRUE=''
am__include='include'
am__isrc=''
am__leading_dot='.'
am__nodep='_no'
am__quote=''
am__tar='$${TAR-tar} chof - "$$tardir"'
am__untar='$${TAR-tar} xf -'
bindir='${exec_prefix}/bin'
build='x86_64-unknown-linux-gnu'
build_alias=''
build_cpu='x86_64'
build_os='linux-gnu'
build_vendor='unknown'
datadir='${datarootdir}'
datarootdir='${prefix}/share'
docdir='${datarootdir}/doc/${PACKAGE_TARNAME}'
dvidir='${docdir}'
exec_prefix='${prefix}'
host='x86_64-unknown-linux-gnu'
host_alias=''
host_cpu='x86_64'
host_os='linux-gnu'
host_vendor='unknown'
htmldir='${docdir}'
includedir='${prefix}/include'
infodir='${datarootdir}/info'
install_sh='${SHELL} /DMA/AmazonPrice/img/leptonica-1.71/config/install-sh'
libdir='${exec_prefix}/lib'
libexecdir='${exec_prefix}/libexec'
localedir='${datarootdir}/locale'
localstatedir='${prefix}/var'
mandir='${datarootdir}/man'
mkdir_p='/bin/mkdir -p'
oldincludedir='/usr/include'
pdfdir='${docdir}'
prefix='/usr/local'
program_transform_name='s,x,x,'
psdir='${docdir}'
sbindir='${exec_prefix}/sbin'
sharedstatedir='${prefix}/com'
sysconfdir='${prefix}/etc'
target_alias=''

## ----------- ##
## confdefs.h. ##
## ----------- ##

/* confdefs.h */
#define PACKAGE_NAME "leptonica"
#define PACKAGE_TARNAME "leptonica"
#define PACKAGE_VERSION "1.71"
#define PACKAGE_STRING "leptonica 1.71"
#define PACKAGE_BUGREPORT ""
#define PACKAGE_URL ""
#define STDC_HEADERS 1
#define HAVE_SYS_TYPES_H 1
#define HAVE_SYS_STAT_H 1
#define HAVE_STDLIB_H 1
#define HAVE_STRING_H 1
#define HAVE_MEMORY_H 1
#define HAVE_STRINGS_H 1
#define HAVE_INTTYPES_H 1
#define HAVE_STDINT_H 1
#define HAVE_UNISTD_H 1
#define HAVE_DLFCN_H 1
#define LT_OBJDIR ".libs/"
#define PACKAGE "leptonica"
#define VERSION "1.71"
#define HAVE_LIBZ 1
#define HAVE_LIBPNG 1
#define HAVE_LIBJPEG 1
#define HAVE_FMEMOPEN 1

configure: exit 0

## ---------------------- ##
## Running config.status. ##
## ---------------------- ##

This file was extended by leptonica config.status 1.71, which was
generated by GNU Autoconf 2.68.  Invocation command line was

  CONFIG_FILES    = 
  CONFIG_HEADERS  = 
  CONFIG_LINKS    = 
  CONFIG_COMMANDS = 
  $ ./config.status config_auto.h

on host-133-130-106-179

config.status:1113: creating config_auto.h
